2023-09-21 12:46:29,433 [INFO] Activator:178 - 


2023-09-21 12:46:29,435 [INFO] Activator:179 - !SESSION log4j initialized
2023-09-21 12:46:59,360 [INFO] ApplicationProperties:181 - Using Application install path: D:\ST\STM32CubeIDE_1.4.0\STM32CubeIDE\plugins\com.st.stm32cube.common.mx_6.0.0.202007160824
2023-09-21 12:46:59,372 [INFO] DbMcusXml:70 - Set database path to: D:\ST\STM32CubeIDE_1.4.0\STM32CubeIDE\plugins\com.st.stm32cube.common.mx_6.0.0.202007160824\\db\/mcu/
2023-09-21 12:46:59,375 [INFO] DbBoardsPdsc:56 - Set plugin database path to: D:\ST\STM32CubeIDE_1.4.0\STM32CubeIDE\plugins\com.st.stm32cube.common.mx_6.0.0.202007160824\\db\/plugins/boardmanager/
2023-09-21 12:46:59,375 [INFO] DbMcus:258 - Set plugin images path to: D:\ST\STM32CubeIDE_1.4.0\STM32CubeIDE\plugins\com.st.stm32cube.common.mx_6.0.0.202007160824\\db\/plugins/mcufinder/images/
2023-09-21 12:46:59,375 [INFO] DbBoards:264 - Set plugin images path to: D:\ST\STM32CubeIDE_1.4.0\STM32CubeIDE\plugins\com.st.stm32cube.common.mx_6.0.0.202007160824\\db\/plugins/mcufinder/images/
2023-09-21 12:46:59,375 [INFO] DbExamples:326 - Set plugin images path to: D:\ST\STM32CubeIDE_1.4.0\STM32CubeIDE\plugins\com.st.stm32cube.common.mx_6.0.0.202007160824\\db\/plugins/mcufinder/images/
2023-09-21 12:46:59,383 [INFO] DbMcusDocs:112 - Set database path to: C:\Users\LEGION\.stmcufinder\plugins\mcufinder//mcu/
2023-09-21 12:46:59,384 [INFO] DbMcusJson:63 - Set database path to: C:\Users\LEGION\.stmcufinder\plugins\mcufinder//mcu/
2023-09-21 12:46:59,384 [INFO] DbBoardsDocs:112 - Set database path to: C:\Users\LEGION\.stmcufinder\plugins\mcufinder//mcu/
2023-09-21 12:46:59,386 [INFO] DbBoardsJson:56 - Set database path to: C:\Users\LEGION\.stmcufinder\plugins\mcufinder//mcu/
2023-09-21 12:46:59,393 [INFO] CrossReferenceDbSqlite:196 - Set database path to: C:\Users\LEGION\.stmcufinder\plugins\mcufinder//mcu/cs/
2023-09-21 12:46:59,396 [INFO] DbExamplesSqlite:800 - Set database path to: C:\Users\LEGION\.stmcufinder\plugins\mcufinder//mcu/
2023-09-21 12:46:59,473 [INFO] RulesReader:52 - Compatibility file has been processed (209 Rules)
2023-09-21 12:46:59,539 [INFO] MicroXplorer:564 - Detected Java Version = 1.8.0_252
2023-09-21 12:46:59,539 [INFO] DbMcusXml:70 - Set database path to: D:\ST\STM32CubeIDE_1.4.0\STM32CubeIDE\plugins\com.st.stm32cube.common.mx_6.0.0.202007160824\\db\/mcu/
2023-09-21 12:46:59,539 [INFO] DbBoardsPdsc:56 - Set plugin database path to: D:\ST\STM32CubeIDE_1.4.0\STM32CubeIDE\plugins\com.st.stm32cube.common.mx_6.0.0.202007160824\\db\/plugins/boardmanager/
2023-09-21 12:46:59,539 [INFO] DbMcus:258 - Set plugin images path to: D:\ST\STM32CubeIDE_1.4.0\STM32CubeIDE\plugins\com.st.stm32cube.common.mx_6.0.0.202007160824\\db\/plugins/mcufinder/images/
2023-09-21 12:46:59,539 [INFO] DbBoards:264 - Set plugin images path to: D:\ST\STM32CubeIDE_1.4.0\STM32CubeIDE\plugins\com.st.stm32cube.common.mx_6.0.0.202007160824\\db\/plugins/mcufinder/images/
2023-09-21 12:46:59,539 [INFO] DbExamples:326 - Set plugin images path to: D:\ST\STM32CubeIDE_1.4.0\STM32CubeIDE\plugins\com.st.stm32cube.common.mx_6.0.0.202007160824\\db\/plugins/mcufinder/images/
2023-09-21 12:46:59,539 [WARN] DbFile:36 - Overriding database path with different value: C:\Users\LEGION\.stmcufinder\plugins\mcufinder/ => C:\Users\LEGION\.stmcufinder\plugins\mcufinder
2023-09-21 12:46:59,539 [INFO] DbMcusDocs:112 - Set database path to: C:\Users\LEGION\.stmcufinder\plugins\mcufinder//mcu/
2023-09-21 12:46:59,539 [WARN] DbFile:36 - Overriding database path with different value: C:\Users\LEGION\.stmcufinder\plugins\mcufinder/ => C:\Users\LEGION\.stmcufinder\plugins\mcufinder
2023-09-21 12:46:59,539 [INFO] DbMcusJson:63 - Set database path to: C:\Users\LEGION\.stmcufinder\plugins\mcufinder//mcu/
2023-09-21 12:46:59,539 [WARN] DbFile:36 - Overriding database path with different value: C:\Users\LEGION\.stmcufinder\plugins\mcufinder/ => C:\Users\LEGION\.stmcufinder\plugins\mcufinder
2023-09-21 12:46:59,539 [INFO] DbBoardsDocs:112 - Set database path to: C:\Users\LEGION\.stmcufinder\plugins\mcufinder//mcu/
2023-09-21 12:46:59,539 [WARN] DbFile:36 - Overriding database path with different value: C:\Users\LEGION\.stmcufinder\plugins\mcufinder/ => C:\Users\LEGION\.stmcufinder\plugins\mcufinder
2023-09-21 12:46:59,539 [INFO] DbBoardsJson:56 - Set database path to: C:\Users\LEGION\.stmcufinder\plugins\mcufinder//mcu/
2023-09-21 12:46:59,539 [WARN] DbFile:36 - Overriding database path with different value: C:\Users\LEGION\.stmcufinder\plugins\mcufinder/ => C:\Users\LEGION\.stmcufinder\plugins\mcufinder
2023-09-21 12:46:59,539 [WARN] DbFile:36 - Overriding database path with different value: C:\Users\LEGION\.stmcufinder\plugins\mcufinder/ => C:\Users\LEGION\.stmcufinder\plugins\mcufinder
2023-09-21 12:46:59,539 [INFO] CrossReferenceDbSqlite:196 - Set database path to: C:\Users\LEGION\.stmcufinder\plugins\mcufinder//mcu/cs/
2023-09-21 12:46:59,539 [WARN] DbFile:36 - Overriding database path with different value: C:\Users\LEGION\.stmcufinder\plugins\mcufinder/ => C:\Users\LEGION\.stmcufinder\plugins\mcufinder
2023-09-21 12:46:59,539 [INFO] DbExamplesSqlite:800 - Set database path to: C:\Users\LEGION\.stmcufinder\plugins\mcufinder//mcu/
2023-09-21 12:46:59,606 [INFO] MainPanel:189 - HeapMemory: 387973120
2023-09-21 12:46:59,673 [INFO] DbMcusXml:70 - Set database path to: D:\ST\STM32CubeIDE_1.4.0\STM32CubeIDE\plugins\com.st.stm32cube.common.mx_6.0.0.202007160824\\db\/mcu/
2023-09-21 12:46:59,673 [INFO] DbBoardsPdsc:56 - Set plugin database path to: D:\ST\STM32CubeIDE_1.4.0\STM32CubeIDE\plugins\com.st.stm32cube.common.mx_6.0.0.202007160824\\db\/plugins/boardmanager/
2023-09-21 12:46:59,673 [INFO] DbMcus:258 - Set plugin images path to: D:\ST\STM32CubeIDE_1.4.0\STM32CubeIDE\plugins\com.st.stm32cube.common.mx_6.0.0.202007160824\\db\/plugins/mcufinder/images/
2023-09-21 12:46:59,673 [INFO] DbBoards:264 - Set plugin images path to: D:\ST\STM32CubeIDE_1.4.0\STM32CubeIDE\plugins\com.st.stm32cube.common.mx_6.0.0.202007160824\\db\/plugins/mcufinder/images/
2023-09-21 12:46:59,673 [INFO] DbExamples:326 - Set plugin images path to: D:\ST\STM32CubeIDE_1.4.0\STM32CubeIDE\plugins\com.st.stm32cube.common.mx_6.0.0.202007160824\\db\/plugins/mcufinder/images/
2023-09-21 12:46:59,675 [WARN] DbFile:36 - Overriding database path with different value: C:\Users\LEGION\.stmcufinder\plugins\mcufinder/ => C:\Users\LEGION\.stmcufinder\plugins\mcufinder
2023-09-21 12:46:59,675 [INFO] DbMcusDocs:112 - Set database path to: C:\Users\LEGION\.stmcufinder\plugins\mcufinder//mcu/
2023-09-21 12:46:59,675 [WARN] DbFile:36 - Overriding database path with different value: C:\Users\LEGION\.stmcufinder\plugins\mcufinder/ => C:\Users\LEGION\.stmcufinder\plugins\mcufinder
2023-09-21 12:46:59,675 [INFO] DbMcusJson:63 - Set database path to: C:\Users\LEGION\.stmcufinder\plugins\mcufinder//mcu/
2023-09-21 12:46:59,675 [WARN] DbFile:36 - Overriding database path with different value: C:\Users\LEGION\.stmcufinder\plugins\mcufinder/ => C:\Users\LEGION\.stmcufinder\plugins\mcufinder
2023-09-21 12:46:59,675 [INFO] DbBoardsDocs:112 - Set database path to: C:\Users\LEGION\.stmcufinder\plugins\mcufinder//mcu/
2023-09-21 12:46:59,675 [WARN] DbFile:36 - Overriding database path with different value: C:\Users\LEGION\.stmcufinder\plugins\mcufinder/ => C:\Users\LEGION\.stmcufinder\plugins\mcufinder
2023-09-21 12:46:59,675 [INFO] DbBoardsJson:56 - Set database path to: C:\Users\LEGION\.stmcufinder\plugins\mcufinder//mcu/
2023-09-21 12:46:59,675 [WARN] DbFile:36 - Overriding database path with different value: C:\Users\LEGION\.stmcufinder\plugins\mcufinder/ => C:\Users\LEGION\.stmcufinder\plugins\mcufinder
2023-09-21 12:46:59,675 [WARN] DbFile:36 - Overriding database path with different value: C:\Users\LEGION\.stmcufinder\plugins\mcufinder/ => C:\Users\LEGION\.stmcufinder\plugins\mcufinder
2023-09-21 12:46:59,675 [INFO] CrossReferenceDbSqlite:196 - Set database path to: C:\Users\LEGION\.stmcufinder\plugins\mcufinder//mcu/cs/
2023-09-21 12:46:59,675 [WARN] DbFile:36 - Overriding database path with different value: C:\Users\LEGION\.stmcufinder\plugins\mcufinder/ => C:\Users\LEGION\.stmcufinder\plugins\mcufinder
2023-09-21 12:46:59,675 [INFO] DbExamplesSqlite:800 - Set database path to: C:\Users\LEGION\.stmcufinder\plugins\mcufinder//mcu/
2023-09-21 12:46:59,686 [INFO] ApplicationProperties:181 - Using Application install path: D:\ST\STM32CubeIDE_1.4.0\STM32CubeIDE\plugins\com.st.stm32cube.common.mx_6.0.0.202007160824
2023-09-21 12:46:59,691 [INFO] PluginManage:178 - Search for loadable plugins [exclusion list=, ]
2023-09-21 12:46:59,691 [INFO] PluginManage:292 - Check plugin analytics
2023-09-21 12:46:59,803 [INFO] AnalyticsPlugin:203 - Accepted Software Licenses: 
2023-09-21 12:46:59,803 [INFO] AnalyticsPlugin:205 - Accepted CMSIS Pack Licenses: 
2023-09-21 12:46:59,803 [INFO] AnalyticsPlugin:207 - Accepted Firmware Licenses: 
2023-09-21 12:46:59,803 [INFO] PluginManage:342 - Loaded plugin analytics (category:tool,tabindex:-1)
2023-09-21 12:46:59,803 [INFO] PluginManage:292 - Check plugin clock
2023-09-21 12:46:59,828 [INFO] PluginManage:342 - Loaded plugin clock (category:base,tabindex:2)
2023-09-21 12:46:59,828 [INFO] PluginManage:292 - Check plugin ddr
2023-09-21 12:46:59,828 [INFO] PluginManage:342 - Loaded plugin ddr (category:tool,tabindex:6)
2023-09-21 12:46:59,828 [INFO] PluginManage:292 - Check plugin filemanager
2023-09-21 12:46:59,940 [INFO] PluginManage:342 - Loaded plugin filemanager (category:base,tabindex:10)
2023-09-21 12:46:59,940 [INFO] PluginManage:292 - Check plugin ipmanager
2023-09-21 12:46:59,945 [INFO] PluginManage:342 - Loaded plugin ipmanager (category:base,tabindex:5)
2023-09-21 12:46:59,945 [INFO] PluginManage:292 - Check plugin pinoutandconfiguration
2023-09-21 12:46:59,967 [INFO] PluginManage:342 - Loaded plugin pinoutandconfiguration (category:base,tabindex:1)
2023-09-21 12:46:59,967 [INFO] PluginManage:292 - Check plugin pinoutconfig
2023-09-21 12:46:59,997 [INFO] PluginManage:342 - Loaded plugin pinoutconfig (category:base,tabindex:0)
2023-09-21 12:46:59,997 [INFO] PluginManage:292 - Check plugin power
2023-09-21 12:47:00,027 [INFO] PluginManage:342 - Loaded plugin power (category:power,tabindex:4)
2023-09-21 12:47:00,027 [INFO] PluginManage:292 - Check plugin projectmanager
2023-09-21 12:47:00,037 [INFO] PluginManage:342 - Loaded plugin projectmanager (category:projectmanager,tabindex:3)
2023-09-21 12:47:00,037 [INFO] PluginManage:292 - Check plugin thirdparty
2023-09-21 12:47:00,152 [INFO] ThirdPartyDb:333 - Open Third Party DataBase File (C:/Users/LEGION/.stm32cubemx/plugins/thirdparty/db/thirdparties_db.xml) : 53 ms. number of Sw pack : 44
2023-09-21 12:47:00,155 [INFO] PluginManage:342 - Loaded plugin thirdparty (category:base,tabindex:-1)
2023-09-21 12:47:00,155 [INFO] PluginManage:292 - Check plugin tools
2023-09-21 12:47:00,200 [INFO] PluginManage:342 - Loaded plugin tools (category:base,tabindex:7)
2023-09-21 12:47:00,200 [INFO] PluginManage:292 - Check plugin tutovideos
2023-09-21 12:47:00,382 [INFO] PluginManage:342 - Loaded plugin tutovideos (category:base,tabindex:-1)
2023-09-21 12:47:00,382 [INFO] PluginManage:292 - Check plugin updater
2023-09-21 12:47:00,391 [INFO] PluginManage:342 - Loaded plugin updater (category:base,tabindex:12)
2023-09-21 12:47:00,391 [INFO] PluginManage:265 - PluginManage : Loaded plugins [13]
2023-09-21 12:47:00,528 [INFO] PinOutPanel:1418 - setPackage(No Configuration,No Configuration)
2023-09-21 12:47:00,614 [INFO] IPUIPlugin:64 - create IPUIPlugin
2023-09-21 12:47:00,614 [INFO] PluginManager:200 - loadIPPluginJar : add adc
2023-09-21 12:47:00,649 [INFO] IPUIPlugin:64 - create IPUIPlugin
2023-09-21 12:47:00,649 [INFO] PluginManager:200 - loadIPPluginJar : add aes
2023-09-21 12:47:00,684 [INFO] IPUIPlugin:64 - create IPUIPlugin
2023-09-21 12:47:00,688 [INFO] PluginManager:200 - loadIPPluginJar : add can
2023-09-21 12:47:00,727 [INFO] IPUIPlugin:64 - create IPUIPlugin
2023-09-21 12:47:00,727 [INFO] PluginManager:200 - loadIPPluginJar : add comp
2023-09-21 12:47:00,756 [INFO] IPUIPlugin:64 - create IPUIPlugin
2023-09-21 12:47:00,761 [INFO] PluginManager:200 - loadIPPluginJar : add cryp
2023-09-21 12:47:00,791 [INFO] IPUIPlugin:64 - create IPUIPlugin
2023-09-21 12:47:00,791 [INFO] PluginManager:200 - loadIPPluginJar : add dfsdm
2023-09-21 12:47:00,806 [INFO] IPUIPlugin:64 - create IPUIPlugin
2023-09-21 12:47:00,806 [INFO] PluginManager:200 - loadIPPluginJar : add dma
2023-09-21 12:47:00,831 [INFO] IPUIPlugin:64 - create IPUIPlugin
2023-09-21 12:47:00,831 [INFO] PluginManager:200 - loadIPPluginJar : add fatfs
2023-09-21 12:47:00,888 [INFO] IPUIPlugin:64 - create IPUIPlugin
2023-09-21 12:47:00,888 [INFO] PluginManager:200 - loadIPPluginJar : add fmc
2023-09-21 12:47:00,906 [INFO] IPUIPlugin:64 - create IPUIPlugin
2023-09-21 12:47:00,906 [INFO] PluginManager:200 - loadIPPluginJar : add freertos
2023-09-21 12:47:00,933 [INFO] IPUIPlugin:64 - create IPUIPlugin
2023-09-21 12:47:00,933 [INFO] PluginManager:200 - loadIPPluginJar : add genericplugin
2023-09-21 12:47:01,008 [INFO] IPUIPlugin:64 - create IPUIPlugin
2023-09-21 12:47:01,008 [INFO] PluginManager:200 - loadIPPluginJar : add gfxmmu
2023-09-21 12:47:01,119 [INFO] IPUIPlugin:64 - create IPUIPlugin
2023-09-21 12:47:01,119 [INFO] PluginManager:200 - loadIPPluginJar : add gic
2023-09-21 12:47:01,129 [INFO] IPUIPlugin:64 - create IPUIPlugin
2023-09-21 12:47:01,129 [INFO] PluginManager:200 - loadIPPluginJar : add gpio
2023-09-21 12:47:01,196 [INFO] IPUIPlugin:64 - create IPUIPlugin
2023-09-21 12:47:01,197 [INFO] PluginManager:200 - loadIPPluginJar : add gtzc
2023-09-21 12:47:01,226 [INFO] IPUIPlugin:64 - create IPUIPlugin
2023-09-21 12:47:01,226 [INFO] PluginManager:200 - loadIPPluginJar : add hash
2023-09-21 12:47:01,281 [INFO] IPUIPlugin:64 - create IPUIPlugin
2023-09-21 12:47:01,281 [INFO] PluginManager:200 - loadIPPluginJar : add i2c
2023-09-21 12:47:01,326 [INFO] IPUIPlugin:64 - create IPUIPlugin
2023-09-21 12:47:01,326 [INFO] PluginManager:200 - loadIPPluginJar : add i2s
2023-09-21 12:47:01,336 [INFO] IPUIPlugin:64 - create IPUIPlugin
2023-09-21 12:47:01,336 [INFO] PluginManager:200 - loadIPPluginJar : add ipddr
2023-09-21 12:47:01,385 [INFO] IPUIPlugin:64 - create IPUIPlugin
2023-09-21 12:47:01,385 [INFO] PluginManager:200 - loadIPPluginJar : add ltdc
2023-09-21 12:47:01,400 [INFO] IPUIPlugin:64 - create IPUIPlugin
2023-09-21 12:47:01,400 [INFO] PluginManager:200 - loadIPPluginJar : add mdma
2023-09-21 12:47:01,415 [INFO] IPUIPlugin:64 - create IPUIPlugin
2023-09-21 12:47:01,415 [INFO] PluginManager:200 - loadIPPluginJar : add nvic
2023-09-21 12:47:01,455 [INFO] IPUIPlugin:64 - create IPUIPlugin
2023-09-21 12:47:01,455 [INFO] PluginManager:200 - loadIPPluginJar : add opamp
2023-09-21 12:47:01,520 [INFO] IPUIPlugin:64 - create IPUIPlugin
2023-09-21 12:47:01,520 [INFO] PluginManager:200 - loadIPPluginJar : add openamp
2023-09-21 12:47:01,565 [INFO] IPUIPlugin:64 - create IPUIPlugin
2023-09-21 12:47:01,565 [INFO] PluginManager:200 - loadIPPluginJar : add pdm2pcm
2023-09-21 12:47:01,581 [INFO] IPUIPlugin:64 - create IPUIPlugin
2023-09-21 12:47:01,586 [INFO] PluginManager:200 - loadIPPluginJar : add plateformsettings
2023-09-21 12:47:01,621 [INFO] IPUIPlugin:64 - create IPUIPlugin
2023-09-21 12:47:01,621 [INFO] PluginManager:200 - loadIPPluginJar : add quadspi
2023-09-21 12:47:01,631 [INFO] IPUIPlugin:64 - create IPUIPlugin
2023-09-21 12:47:01,636 [INFO] PluginManager:200 - loadIPPluginJar : add resmgrutility
2023-09-21 12:47:01,691 [INFO] IPUIPlugin:64 - create IPUIPlugin
2023-09-21 12:47:01,691 [INFO] PluginManager:200 - loadIPPluginJar : add sai
2023-09-21 12:47:01,731 [INFO] IPUIPlugin:64 - create IPUIPlugin
2023-09-21 12:47:01,731 [INFO] PluginManager:200 - loadIPPluginJar : add spi
2023-09-21 12:47:01,772 [INFO] IPUIPlugin:64 - create IPUIPlugin
2023-09-21 12:47:01,772 [INFO] PluginManager:200 - loadIPPluginJar : add stm32_wpan
2023-09-21 12:47:01,796 [INFO] IPUIPlugin:64 - create IPUIPlugin
2023-09-21 12:47:01,801 [INFO] PluginManager:200 - loadIPPluginJar : add tim
2023-09-21 12:47:01,851 [INFO] IPUIPlugin:64 - create IPUIPlugin
2023-09-21 12:47:01,851 [INFO] PluginManager:200 - loadIPPluginJar : add touchsensing
2023-09-21 12:47:01,875 [INFO] IPUIPlugin:64 - create IPUIPlugin
2023-09-21 12:47:01,877 [INFO] PluginManager:200 - loadIPPluginJar : add tracer_emb
2023-09-21 12:47:01,897 [INFO] IPUIPlugin:64 - create IPUIPlugin
2023-09-21 12:47:01,902 [INFO] PluginManager:200 - loadIPPluginJar : add ts
2023-09-21 12:47:01,924 [INFO] IPUIPlugin:64 - create IPUIPlugin
2023-09-21 12:47:01,924 [INFO] PluginManager:200 - loadIPPluginJar : add tsc
2023-09-21 12:47:01,949 [INFO] IPUIPlugin:64 - create IPUIPlugin
2023-09-21 12:47:01,949 [INFO] PluginManager:200 - loadIPPluginJar : add ucpd
2023-09-21 12:47:01,989 [INFO] IPUIPlugin:64 - create IPUIPlugin
2023-09-21 12:47:01,989 [INFO] PluginManager:200 - loadIPPluginJar : add usart
2023-09-21 12:47:02,878 [INFO] CubeProgrammer:457 - [DDR PANEL] - PathOfProgrammer: null
2023-09-21 12:47:03,756 [FATAL] Updater:282 - Updater called before beeing initialized
2023-09-21 12:47:03,913 [FATAL] Updater:282 - Updater called before beeing initialized
2023-09-21 12:47:03,913 [WARN] ThirdParty:775 - waiting for thirdparty lock release [close project]
2023-09-21 12:47:03,913 [INFO] ThirdParty:777 - entering critical section [close project]
2023-09-21 12:47:03,913 [INFO] ThirdParty:790 - exiting critical section [close project]
2023-09-21 12:47:03,913 [INFO] PinOutPanel:1418 - setPackage(No Configuration,No Configuration)
2023-09-21 12:47:03,913 [FATAL] Updater:282 - Updater called before beeing initialized
2023-09-21 12:47:03,928 [ERROR] Updater:967 - MainUpdater not yet initialized. External WinMGr cannot be set.
2023-09-21 12:47:03,928 [INFO] CubeProgrammer:457 - [DDR PANEL] - PathOfProgrammer: D:\ST\STM32CubeIDE_1.4.0\STM32CubeIDE\plugins\com.st.stm32cube.ide.mcu.externaltools.cubeprogrammer.win32_1.4.0.202007081208\tools\bin
2023-09-21 12:47:03,928 [INFO] ProgrammerExecThread:148 - [ProgrammerAPI] CubeProgrammer command construction: D:\ST\STM32CubeIDE_1.4.0\STM32CubeIDE\plugins\com.st.stm32cube.ide.mcu.externaltools.cubeprogrammer.win32_1.4.0.202007081208\tools\bin\STM32_Programmer_CLI.exe -l
2023-09-21 12:47:04,246 [INFO] MainDdrPanel:49 - [DDR PANEL] SETTER - Set cubeProgrammerPath to: D:\ST\STM32CubeIDE_1.4.0\STM32CubeIDE\plugins\com.st.stm32cube.ide.mcu.externaltools.cubeprogrammer.win32_1.4.0.202007081208\tools\bin
2023-09-21 12:47:04,325 [INFO] Updater:904 - Updater Version found : 6.0.0
2023-09-21 12:47:04,342 [INFO] ApplicationProperties:181 - Using Application install path: D:\ST\STM32CubeIDE_1.4.0\STM32CubeIDE\plugins\com.st.stm32cube.common.mx_6.0.0.202007160824
2023-09-21 12:47:04,712 [INFO] MainUpdater:2268 - connection check result : 10
2023-09-21 12:47:04,712 [INFO] MainUpdater:239 - Updater Check For Update Now.
2023-09-21 12:47:04,712 [INFO] MicroXplorer:414 - Change Database Version : DB.6.0.0
2023-09-21 12:47:04,756 [INFO] CheckServerUpdateThread:102 - End of CheckServer Thread
2023-09-21 12:47:04,834 [INFO] MainUpdater:2268 - connection check result : 10
2023-09-21 12:47:05,196 [INFO] McuFinderGlobals:40 - Set McuFinder mode to 2 (CubeIDE integrated)
2023-09-21 12:47:05,402 [INFO] CrossSelectorPresenter:1330 - Cross Selector saved comparison directory: C:\Users\LEGION\.stmcufinder\plugins\mcufinder\mcu\cs_comparisons_mx
2023-09-21 12:47:05,402 [INFO] MultiScanPanel:193 - Auto-refresh data requested => check proxy status ongoing
2023-09-21 12:47:05,418 [INFO] FinderPluginLoader:87 - Searching for filters in installed packs
2023-09-21 12:47:05,418 [INFO] DbMcusXml:100 - Load MCU database from D:\ST\STM32CubeIDE_1.4.0\STM32CubeIDE\plugins\com.st.stm32cube.common.mx_6.0.0.202007160824\\db\/mcu/families.xml
2023-09-21 12:47:05,988 [INFO] DbMcusJson:92 - JSON generation date=Tue Nov 16 18:17:54 EET 2021 (1637079474)
2023-09-21 12:47:06,163 [WARN] IntegrityCheckThread:61 - waiting for thirdparty lock release [integrity check]
2023-09-21 12:47:06,163 [INFO] IntegrityCheckThread:63 - entering critical section [integrity check]
2023-09-21 12:47:06,552 [INFO] ThirdPartyDb:299 - Save Third Party DataBase File (C:/Users/LEGION/.stm32cubemx/plugins/thirdparty/db/thirdparties_db.xml) [forced]
2023-09-21 12:47:06,611 [INFO] ThirdPartyDb:299 - Save Third Party DataBase File (C:/Users/LEGION/.stm32cubemx/plugins/thirdparty/db/thirdparties_db.xml) [forced]
2023-09-21 12:47:06,679 [INFO] IntegrityCheckThread:76 - exiting critical section [integrity check]
2023-09-21 12:47:06,679 [INFO] IntegrityCheckThread:79 - End integrity checks thread
2023-09-21 12:47:06,836 [INFO] DbMcus:175 - Found 1761 MCUs (1722 are supported by CubeMX, 1911 are visible in CubeMX)
2023-09-21 12:47:06,838 [INFO] ApiDb:201 - Load user favorites file C:\Users\LEGION/.stm32cubeide/favorites.mcus.txt: 0 item(s)
2023-09-21 12:47:06,838 [INFO] ApiDb:205 - User favorites MCUs=[]
2023-09-21 12:47:06,838 [INFO] DbMcus:187 - Set 0 / 0 favorites MCUs
2023-09-21 12:47:07,260 [INFO] LoadUrlFilesThread:162 - End of LoadServerUrlFiles without Thread
2023-09-21 12:47:07,265 [INFO] DetailPanel:331 - Set advertising image to C:/Users/LEGION/STM32Cube/Repository/\stm32cubemx-promo_image.jpg
2023-09-21 12:47:07,498 [INFO] McuFilterPanel:245 - Update 0 favorites MCUs
2023-09-21 12:47:07,556 [INFO] DbBoardsPdsc:94 - Found 23 items
2023-09-21 12:47:07,572 [INFO] DbBoardsPdsc:94 - Found 9 items
2023-09-21 12:47:07,580 [INFO] DbBoardsPdsc:94 - Found 29 items
2023-09-21 12:47:07,588 [INFO] DbBoardsPdsc:94 - Found 1 items
2023-09-21 12:47:07,604 [INFO] DbBoardsPdsc:94 - Found 44 items
2023-09-21 12:47:07,619 [INFO] DbBoardsPdsc:94 - Found 40 items
2023-09-21 12:47:07,624 [INFO] DbBoardsPdsc:94 - Found 2 items
2023-09-21 12:47:07,635 [INFO] DbBoardsPdsc:94 - Found 4 items
2023-09-21 12:47:07,635 [WARN] DbBoardsPdsc:258 - Board STM32H7B3I-DK: unknown feature type=Audio, name=, username=Audio stereo codec with Headphone Amp (CS42L51-CNZ), n=1
2023-09-21 12:47:07,635 [WARN] DbBoardsPdsc:258 - Board STM32H735G-DK: unknown feature type=Audio, name=, username=Audio stereo codec with Headphone Amp (WM8994ECS/R), n=1
2023-09-21 12:47:07,635 [WARN] DbBoardsPdsc:258 - Board STM32H7B3I-EVAL: unknown feature type=Audio, name=, username=Multi-Channel Audio Codec (CS42L51-CNZ), n=1
2023-09-21 12:47:07,635 [WARN] DbBoardsPdsc:258 - Board STM32H7B3I-EVAL: unknown feature type=Meter, name=, username=Power-metering and Temperature-monitoring with sigma-delta modulators, n=1
2023-09-21 12:47:07,635 [WARN] DbBoardsPdsc:258 - Board STM32H7B3I-EVAL: unknown feature type=Motor, name=, username=Motor Control, n=1
2023-09-21 12:47:07,667 [INFO] DbBoardsJson:85 - JSON generation date=Tue Nov 16 18:17:54 EET 2021 (1637079474)
2023-09-21 12:47:07,680 [INFO] DbBoards:117 - Found 166 boards (149 are supported by CubeMX)
2023-09-21 12:47:07,683 [INFO] DbBoardsDocs:145 - JSON generation date=Tue Nov 16 18:17:54 EET 2021 (1637079474)
2023-09-21 12:47:07,727 [INFO] DbBoardsDocs:81 - Found 209 boards documents
2023-09-21 12:47:07,727 [WARN] DbBoards:127 - board B-L475E-IOT01A2 has no document id list !
2023-09-21 12:47:07,727 [WARN] DbBoards:127 - board NUCLEO-H743ZI has no document id list !
2023-09-21 12:47:07,729 [WARN] DbBoards:127 - board P-NUCLEO-WB55-Nucleo has no document id list !
2023-09-21 12:47:07,729 [WARN] DbBoards:127 - board P-NUCLEO-WB55-USBDongle has no document id list !
2023-09-21 12:47:07,729 [WARN] DbBoards:127 - board STEVAL-BFA001V1B has no document id list !
2023-09-21 12:47:07,729 [WARN] DbBoards:127 - board STEVAL-BFA001V2B has no document id list !
2023-09-21 12:47:07,729 [WARN] DbBoards:127 - board STEVAL-IDP005V1 has no document id list !
2023-09-21 12:47:07,729 [WARN] DbBoards:127 - board STEVAL-IDP005V2 has no document id list !
2023-09-21 12:47:07,730 [WARN] DbBoards:127 - board STEVAL-MKSBOX1V1 has no document id list !
2023-09-21 12:47:07,730 [WARN] DbBoards:127 - board STEVAL-STWINKT1 has no document id list !
2023-09-21 12:47:07,730 [WARN] DbBoards:127 - board STEVAL-STWINKT1B has no document id list !
2023-09-21 12:47:07,730 [WARN] DbBoards:127 - board STM32439I-EVAL2 has no document id list !
2023-09-21 12:47:07,730 [WARN] DbBoards:127 - board STM32F401C-DISCO has no document id list !
2023-09-21 12:47:07,730 [WARN] DbBoards:127 - board STM32F769I-DISC1 has no document id list !
2023-09-21 12:47:07,730 [WARN] DbBoards:127 - board STM32G474E-EVAL1 has no document id list !
2023-09-21 12:47:07,730 [WARN] DbBoards:127 - board STM32H743I-EVAL2 has no document id list !
2023-09-21 12:47:07,730 [WARN] DbBoards:127 - board STM32H747I-DISC1 has no document id list !
2023-09-21 12:47:07,730 [WARN] DbBoards:127 - board STM32H753I-EVAL2 has no document id list !
2023-09-21 12:47:07,730 [WARN] DbBoards:127 - board STM32L-DISCOVERY has no document id list !
2023-09-21 12:47:07,793 [ERROR] DbBoards:189 - Image file not found for board B-L462E-CELL1: D:\ST\STM32CubeIDE_1.4.0\STM32CubeIDE\plugins\com.st.stm32cube.common.mx_6.0.0.202007160824\\db\/plugins/mcufinder/images/boards/B-L462E-CELL1_small.jpg
2023-09-21 12:47:07,826 [ERROR] DbBoards:189 - Image file not found for board B-U585I-IOT02A: D:\ST\STM32CubeIDE_1.4.0\STM32CubeIDE\plugins\com.st.stm32cube.common.mx_6.0.0.202007160824\\db\/plugins/mcufinder/images/boards/B-U585I-IOT02A_small.jpg
2023-09-21 12:47:07,888 [ERROR] DbBoards:189 - Image file not found for board NUCLEO-F413ZH: D:\ST\STM32CubeIDE_1.4.0\STM32CubeIDE\plugins\com.st.stm32cube.common.mx_6.0.0.202007160824\\db\/plugins/mcufinder/images/boards/nucleo-f413zh_small.jpg
2023-09-21 12:47:07,968 [ERROR] DbBoards:189 - Image file not found for board NUCLEO-L552ZE-Q: D:\ST\STM32CubeIDE_1.4.0\STM32CubeIDE\plugins\com.st.stm32cube.common.mx_6.0.0.202007160824\\db\/plugins/mcufinder/images/boards/nucleo_l552ze_q_small.jpg
2023-09-21 12:47:07,968 [ERROR] DbBoards:189 - Image file not found for board NUCLEO-U575ZI-Q: D:\ST\STM32CubeIDE_1.4.0\STM32CubeIDE\plugins\com.st.stm32cube.common.mx_6.0.0.202007160824\\db\/plugins/mcufinder/images/boards/nucleo-u575zi-q_small.jpg
2023-09-21 12:47:07,968 [ERROR] DbBoards:189 - Image file not found for board NUCLEO-WB15CC: D:\ST\STM32CubeIDE_1.4.0\STM32CubeIDE\plugins\com.st.stm32cube.common.mx_6.0.0.202007160824\\db\/plugins/mcufinder/images/boards/nucleo-wb15cc_small.jpg
2023-09-21 12:47:07,968 [ERROR] DbBoards:189 - Image file not found for board NUCLEO-WB55RG: D:\ST\STM32CubeIDE_1.4.0\STM32CubeIDE\plugins\com.st.stm32cube.common.mx_6.0.0.202007160824\\db\/plugins/mcufinder/images/boards/nucleo-wb55rg_small.jpg
2023-09-21 12:47:07,968 [ERROR] DbBoards:189 - Image file not found for board NUCLEO-WL55JC: D:\ST\STM32CubeIDE_1.4.0\STM32CubeIDE\plugins\com.st.stm32cube.common.mx_6.0.0.202007160824\\db\/plugins/mcufinder/images/boards/nucleo-wl55jc-small.jpg
2023-09-21 12:47:08,112 [ERROR] DbBoards:189 - Image file not found for board STEVAL-STWINKT1B: D:\ST\STM32CubeIDE_1.4.0\STM32CubeIDE\plugins\com.st.stm32cube.common.mx_6.0.0.202007160824\\db\/plugins/mcufinder/images/boards/steval-stwinkt1b_small.jpg
2023-09-21 12:47:08,492 [ERROR] DbBoards:189 - Image file not found for board STM32G0C1E-EV: D:\ST\STM32CubeIDE_1.4.0\STM32CubeIDE\plugins\com.st.stm32cube.common.mx_6.0.0.202007160824\\db\/plugins/mcufinder/images/boards/stm32g0c1e-eval_small.jpg
2023-09-21 12:47:08,603 [ERROR] DbBoards:189 - Image file not found for board STM32H7B3I-EVAL: D:\ST\STM32CubeIDE_1.4.0\STM32CubeIDE\plugins\com.st.stm32cube.common.mx_6.0.0.202007160824\\db\/plugins/mcufinder/images/boards/stm32h7b3ieval_small.jpg
2023-09-21 12:47:08,851 [ERROR] DbBoards:189 - Image file not found for board STM32U575I-EV: D:\ST\STM32CubeIDE_1.4.0\STM32CubeIDE\plugins\com.st.stm32cube.common.mx_6.0.0.202007160824\\db\/plugins/mcufinder/images/boards/stm32u575i-ev_small.jpg
2023-09-21 12:47:08,870 [ERROR] DbBoards:189 - Image file not found for board STM32WB5MM-DK: D:\ST\STM32CubeIDE_1.4.0\STM32CubeIDE\plugins\com.st.stm32cube.common.mx_6.0.0.202007160824\\db\/plugins/mcufinder/images/boards/STM32WB5MM-DK_small.jpg
2023-09-21 12:47:08,870 [INFO] ApiDb:201 - Load user favorites file C:\Users\LEGION/.stm32cubeide/favorites.boards.txt: 0 item(s)
2023-09-21 12:47:08,870 [INFO] ApiDb:205 - User favorites Boards=[]
2023-09-21 12:47:08,870 [INFO] DbBoards:206 - Set 0 / 0 favorites Boards
2023-09-21 12:48:38,066 [INFO] DbMcusDocs:145 - JSON generation date=Tue Nov 16 18:17:54 EET 2021 (1637079474)
2023-09-21 12:48:38,141 [INFO] DbMcusDocs:81 - Found 682 MCUs documents
2023-09-21 12:48:55,149 [INFO] LogOutputStream:76 - [STDOUT_REDIRECT] withoutVersionV1.8.4
2023-09-21 12:48:55,163 [INFO] LogOutputStream:76 - [STDOUT_REDIRECT] withoutVersionV1.8.3
2023-09-21 12:48:55,164 [INFO] LogOutputStream:76 - [STDOUT_REDIRECT] withoutVersionV1.8.2
2023-09-21 12:48:55,165 [INFO] LogOutputStream:76 - [STDOUT_REDIRECT] withoutVersionV1.8.1
2023-09-21 12:48:55,165 [INFO] LogOutputStream:76 - [STDOUT_REDIRECT] withoutVersionV1.8.0
2023-09-21 12:48:59,186 [INFO] ApiDb:226 - Save user favorites file C:\Users\LEGION/.stm32cubeide/favorites.mcus.txt: 0 item(s)
2023-09-21 12:48:59,186 [INFO] ApiDb:230 - User favorites MCUs=[]
