18:05:15 **** Rebuild of configuration Debug for project EX3 ****
Info: Internal Builder is used for build
gcc -O0 -g3 -Wall -c -fmessage-length=0 -o main.o "..\\main.c" 
..\main.c: In function 'main':
..\main.c:21:11: warning: assignment makes integer from pointer without a cast [-Wint-conversion]
  temp[30] = str;
           ^
gcc -o EX3.exe main.o 
Info: Nothing to build for EX3
Info: Nothing to build for EX1
Info: Nothing to build for EX2
18:06:29 **** Incremental Build of configuration Debug for project EX3 ****
Info: Internal Builder is used for build
gcc -O0 -g3 -Wall -c -fmessage-length=0 -o main.o "..\\main.c" 
gcc -o EX3.exe main.o 
Info: Nothing to build for EX3
Info: Nothing to build for EX1
Info: Nothing to build for EX2
18:06:49 **** Incremental Build of configuration Debug for project EX3 ****
Info: Internal Builder is used for build
gcc -O0 -g3 -Wall -c -fmessage-length=0 -o main.o "..\\main.c" 
gcc -o EX3.exe main.o 
Info: Nothing to build for EX3
Info: Nothing to build for EX1
Info: Nothing to build for EX2
18:07:30 **** Incremental Build of configuration Debug for project EX3 ****
Info: Internal Builder is used for build
gcc -O0 -g3 -Wall -c -fmessage-length=0 -o main.o "..\\main.c" 
gcc -o EX3.exe main.o 
Info: Nothing to build for EX3
Info: Nothing to build for EX1
Info: Nothing to build for EX2
18:07:43 **** Incremental Build of configuration Debug for project EX3 ****
Info: Internal Builder is used for build
gcc -O0 -g3 -Wall -c -fmessage-length=0 -o main.o "..\\main.c" 
gcc -o EX3.exe main.o 
Info: Nothing to build for EX3
Info: Nothing to build for EX1
Info: Nothing to build for EX2
18:07:58 **** Incremental Build of configuration Debug for project EX3 ****
Info: Internal Builder is used for build
gcc -O0 -g3 -Wall -c -fmessage-length=0 -o main.o "..\\main.c" 
gcc -o EX3.exe main.o 
Info: Nothing to build for EX3
