2023-12-15 16:21:28,535 [INFO] Activator:178 - 


2023-12-15 16:21:28,539 [INFO] Activator:179 - !SESSION log4j initialized
2023-12-15 16:21:35,997 [INFO] ApplicationProperties:181 - Using Application install path: D:\ST\STM32CubeIDE_1.4.0\STM32CubeIDE\plugins\com.st.stm32cube.common.mx_6.0.0.202007160824
2023-12-15 16:21:36,004 [INFO] DbMcusXml:70 - Set database path to: D:\ST\STM32CubeIDE_1.4.0\STM32CubeIDE\plugins\com.st.stm32cube.common.mx_6.0.0.202007160824\\db\/mcu/
2023-12-15 16:21:36,011 [INFO] DbBoardsPdsc:56 - Set plugin database path to: D:\ST\STM32CubeIDE_1.4.0\STM32CubeIDE\plugins\com.st.stm32cube.common.mx_6.0.0.202007160824\\db\/plugins/boardmanager/
2023-12-15 16:21:36,011 [INFO] DbMcus:258 - Set plugin images path to: D:\ST\STM32CubeIDE_1.4.0\STM32CubeIDE\plugins\com.st.stm32cube.common.mx_6.0.0.202007160824\\db\/plugins/mcufinder/images/
2023-12-15 16:21:36,012 [INFO] DbBoards:264 - Set plugin images path to: D:\ST\STM32CubeIDE_1.4.0\STM32CubeIDE\plugins\com.st.stm32cube.common.mx_6.0.0.202007160824\\db\/plugins/mcufinder/images/
2023-12-15 16:21:36,012 [INFO] DbExamples:326 - Set plugin images path to: D:\ST\STM32CubeIDE_1.4.0\STM32CubeIDE\plugins\com.st.stm32cube.common.mx_6.0.0.202007160824\\db\/plugins/mcufinder/images/
2023-12-15 16:21:36,017 [INFO] DbMcusDocs:112 - Set database path to: C:\Users\LEGION\.stmcufinder\plugins\mcufinder//mcu/
2023-12-15 16:21:36,020 [INFO] DbMcusJson:63 - Set database path to: C:\Users\LEGION\.stmcufinder\plugins\mcufinder//mcu/
2023-12-15 16:21:36,020 [INFO] DbBoardsDocs:112 - Set database path to: C:\Users\LEGION\.stmcufinder\plugins\mcufinder//mcu/
2023-12-15 16:21:36,020 [INFO] DbBoardsJson:56 - Set database path to: C:\Users\LEGION\.stmcufinder\plugins\mcufinder//mcu/
2023-12-15 16:21:36,020 [INFO] CrossReferenceDbSqlite:196 - Set database path to: C:\Users\LEGION\.stmcufinder\plugins\mcufinder//mcu/cs/
2023-12-15 16:21:36,025 [INFO] DbExamplesSqlite:800 - Set database path to: C:\Users\LEGION\.stmcufinder\plugins\mcufinder//mcu/
2023-12-15 16:21:36,121 [INFO] RulesReader:52 - Compatibility file has been processed (209 Rules)
2023-12-15 16:21:36,187 [INFO] MicroXplorer:564 - Detected Java Version = 1.8.0_252
2023-12-15 16:21:36,187 [INFO] DbMcusXml:70 - Set database path to: D:\ST\STM32CubeIDE_1.4.0\STM32CubeIDE\plugins\com.st.stm32cube.common.mx_6.0.0.202007160824\\db\/mcu/
2023-12-15 16:21:36,187 [INFO] DbBoardsPdsc:56 - Set plugin database path to: D:\ST\STM32CubeIDE_1.4.0\STM32CubeIDE\plugins\com.st.stm32cube.common.mx_6.0.0.202007160824\\db\/plugins/boardmanager/
2023-12-15 16:21:36,187 [INFO] DbMcus:258 - Set plugin images path to: D:\ST\STM32CubeIDE_1.4.0\STM32CubeIDE\plugins\com.st.stm32cube.common.mx_6.0.0.202007160824\\db\/plugins/mcufinder/images/
2023-12-15 16:21:36,187 [INFO] DbBoards:264 - Set plugin images path to: D:\ST\STM32CubeIDE_1.4.0\STM32CubeIDE\plugins\com.st.stm32cube.common.mx_6.0.0.202007160824\\db\/plugins/mcufinder/images/
2023-12-15 16:21:36,187 [INFO] DbExamples:326 - Set plugin images path to: D:\ST\STM32CubeIDE_1.4.0\STM32CubeIDE\plugins\com.st.stm32cube.common.mx_6.0.0.202007160824\\db\/plugins/mcufinder/images/
2023-12-15 16:21:36,187 [WARN] DbFile:36 - Overriding database path with different value: C:\Users\LEGION\.stmcufinder\plugins\mcufinder/ => C:\Users\LEGION\.stmcufinder\plugins\mcufinder
2023-12-15 16:21:36,191 [INFO] DbMcusDocs:112 - Set database path to: C:\Users\LEGION\.stmcufinder\plugins\mcufinder//mcu/
2023-12-15 16:21:36,191 [WARN] DbFile:36 - Overriding database path with different value: C:\Users\LEGION\.stmcufinder\plugins\mcufinder/ => C:\Users\LEGION\.stmcufinder\plugins\mcufinder
2023-12-15 16:21:36,191 [INFO] DbMcusJson:63 - Set database path to: C:\Users\LEGION\.stmcufinder\plugins\mcufinder//mcu/
2023-12-15 16:21:36,191 [WARN] DbFile:36 - Overriding database path with different value: C:\Users\LEGION\.stmcufinder\plugins\mcufinder/ => C:\Users\LEGION\.stmcufinder\plugins\mcufinder
2023-12-15 16:21:36,191 [INFO] DbBoardsDocs:112 - Set database path to: C:\Users\LEGION\.stmcufinder\plugins\mcufinder//mcu/
2023-12-15 16:21:36,191 [WARN] DbFile:36 - Overriding database path with different value: C:\Users\LEGION\.stmcufinder\plugins\mcufinder/ => C:\Users\LEGION\.stmcufinder\plugins\mcufinder
2023-12-15 16:21:36,191 [INFO] DbBoardsJson:56 - Set database path to: C:\Users\LEGION\.stmcufinder\plugins\mcufinder//mcu/
2023-12-15 16:21:36,191 [WARN] DbFile:36 - Overriding database path with different value: C:\Users\LEGION\.stmcufinder\plugins\mcufinder/ => C:\Users\LEGION\.stmcufinder\plugins\mcufinder
2023-12-15 16:21:36,191 [WARN] DbFile:36 - Overriding database path with different value: C:\Users\LEGION\.stmcufinder\plugins\mcufinder/ => C:\Users\LEGION\.stmcufinder\plugins\mcufinder
2023-12-15 16:21:36,191 [INFO] CrossReferenceDbSqlite:196 - Set database path to: C:\Users\LEGION\.stmcufinder\plugins\mcufinder//mcu/cs/
2023-12-15 16:21:36,191 [WARN] DbFile:36 - Overriding database path with different value: C:\Users\LEGION\.stmcufinder\plugins\mcufinder/ => C:\Users\LEGION\.stmcufinder\plugins\mcufinder
2023-12-15 16:21:36,191 [INFO] DbExamplesSqlite:800 - Set database path to: C:\Users\LEGION\.stmcufinder\plugins\mcufinder//mcu/
2023-12-15 16:21:36,239 [INFO] MainPanel:189 - HeapMemory: 307232768
2023-12-15 16:21:36,290 [INFO] DbMcusXml:70 - Set database path to: D:\ST\STM32CubeIDE_1.4.0\STM32CubeIDE\plugins\com.st.stm32cube.common.mx_6.0.0.202007160824\\db\/mcu/
2023-12-15 16:21:36,290 [INFO] DbBoardsPdsc:56 - Set plugin database path to: D:\ST\STM32CubeIDE_1.4.0\STM32CubeIDE\plugins\com.st.stm32cube.common.mx_6.0.0.202007160824\\db\/plugins/boardmanager/
2023-12-15 16:21:36,290 [INFO] DbMcus:258 - Set plugin images path to: D:\ST\STM32CubeIDE_1.4.0\STM32CubeIDE\plugins\com.st.stm32cube.common.mx_6.0.0.202007160824\\db\/plugins/mcufinder/images/
2023-12-15 16:21:36,290 [INFO] DbBoards:264 - Set plugin images path to: D:\ST\STM32CubeIDE_1.4.0\STM32CubeIDE\plugins\com.st.stm32cube.common.mx_6.0.0.202007160824\\db\/plugins/mcufinder/images/
2023-12-15 16:21:36,290 [INFO] DbExamples:326 - Set plugin images path to: D:\ST\STM32CubeIDE_1.4.0\STM32CubeIDE\plugins\com.st.stm32cube.common.mx_6.0.0.202007160824\\db\/plugins/mcufinder/images/
2023-12-15 16:21:36,292 [WARN] DbFile:36 - Overriding database path with different value: C:\Users\LEGION\.stmcufinder\plugins\mcufinder/ => C:\Users\LEGION\.stmcufinder\plugins\mcufinder
2023-12-15 16:21:36,292 [INFO] DbMcusDocs:112 - Set database path to: C:\Users\LEGION\.stmcufinder\plugins\mcufinder//mcu/
2023-12-15 16:21:36,292 [WARN] DbFile:36 - Overriding database path with different value: C:\Users\LEGION\.stmcufinder\plugins\mcufinder/ => C:\Users\LEGION\.stmcufinder\plugins\mcufinder
2023-12-15 16:21:36,292 [INFO] DbMcusJson:63 - Set database path to: C:\Users\LEGION\.stmcufinder\plugins\mcufinder//mcu/
2023-12-15 16:21:36,292 [WARN] DbFile:36 - Overriding database path with different value: C:\Users\LEGION\.stmcufinder\plugins\mcufinder/ => C:\Users\LEGION\.stmcufinder\plugins\mcufinder
2023-12-15 16:21:36,292 [INFO] DbBoardsDocs:112 - Set database path to: C:\Users\LEGION\.stmcufinder\plugins\mcufinder//mcu/
2023-12-15 16:21:36,292 [WARN] DbFile:36 - Overriding database path with different value: C:\Users\LEGION\.stmcufinder\plugins\mcufinder/ => C:\Users\LEGION\.stmcufinder\plugins\mcufinder
2023-12-15 16:21:36,292 [INFO] DbBoardsJson:56 - Set database path to: C:\Users\LEGION\.stmcufinder\plugins\mcufinder//mcu/
2023-12-15 16:21:36,292 [WARN] DbFile:36 - Overriding database path with different value: C:\Users\LEGION\.stmcufinder\plugins\mcufinder/ => C:\Users\LEGION\.stmcufinder\plugins\mcufinder
2023-12-15 16:21:36,292 [WARN] DbFile:36 - Overriding database path with different value: C:\Users\LEGION\.stmcufinder\plugins\mcufinder/ => C:\Users\LEGION\.stmcufinder\plugins\mcufinder
2023-12-15 16:21:36,292 [INFO] CrossReferenceDbSqlite:196 - Set database path to: C:\Users\LEGION\.stmcufinder\plugins\mcufinder//mcu/cs/
2023-12-15 16:21:36,292 [WARN] DbFile:36 - Overriding database path with different value: C:\Users\LEGION\.stmcufinder\plugins\mcufinder/ => C:\Users\LEGION\.stmcufinder\plugins\mcufinder
2023-12-15 16:21:36,293 [INFO] DbExamplesSqlite:800 - Set database path to: C:\Users\LEGION\.stmcufinder\plugins\mcufinder//mcu/
2023-12-15 16:21:36,306 [INFO] ApplicationProperties:181 - Using Application install path: D:\ST\STM32CubeIDE_1.4.0\STM32CubeIDE\plugins\com.st.stm32cube.common.mx_6.0.0.202007160824
2023-12-15 16:21:36,306 [INFO] PluginManage:178 - Search for loadable plugins [exclusion list=, ]
2023-12-15 16:21:36,306 [INFO] PluginManage:292 - Check plugin analytics
2023-12-15 16:21:36,432 [INFO] AnalyticsPlugin:203 - Accepted Software Licenses: 
2023-12-15 16:21:36,432 [INFO] AnalyticsPlugin:205 - Accepted CMSIS Pack Licenses: 
2023-12-15 16:21:36,432 [INFO] AnalyticsPlugin:207 - Accepted Firmware Licenses: 
2023-12-15 16:21:36,435 [INFO] PluginManage:342 - Loaded plugin analytics (category:tool,tabindex:-1)
2023-12-15 16:21:36,435 [INFO] PluginManage:292 - Check plugin clock
2023-12-15 16:21:36,445 [INFO] PluginManage:342 - Loaded plugin clock (category:base,tabindex:2)
2023-12-15 16:21:36,445 [INFO] PluginManage:292 - Check plugin ddr
2023-12-15 16:21:36,447 [INFO] PluginManage:342 - Loaded plugin ddr (category:tool,tabindex:6)
2023-12-15 16:21:36,447 [INFO] PluginManage:292 - Check plugin filemanager
2023-12-15 16:21:36,680 [INFO] PluginManage:342 - Loaded plugin filemanager (category:base,tabindex:10)
2023-12-15 16:21:36,680 [INFO] PluginManage:292 - Check plugin ipmanager
2023-12-15 16:21:36,687 [INFO] PluginManage:342 - Loaded plugin ipmanager (category:base,tabindex:5)
2023-12-15 16:21:36,687 [INFO] PluginManage:292 - Check plugin pinoutandconfiguration
2023-12-15 16:21:36,695 [INFO] PluginManage:342 - Loaded plugin pinoutandconfiguration (category:base,tabindex:1)
2023-12-15 16:21:36,695 [INFO] PluginManage:292 - Check plugin pinoutconfig
2023-12-15 16:21:36,716 [INFO] PluginManage:342 - Loaded plugin pinoutconfig (category:base,tabindex:0)
2023-12-15 16:21:36,716 [INFO] PluginManage:292 - Check plugin power
2023-12-15 16:21:36,720 [INFO] PluginManage:342 - Loaded plugin power (category:power,tabindex:4)
2023-12-15 16:21:36,720 [INFO] PluginManage:292 - Check plugin projectmanager
2023-12-15 16:21:36,736 [INFO] PluginManage:342 - Loaded plugin projectmanager (category:projectmanager,tabindex:3)
2023-12-15 16:21:36,736 [INFO] PluginManage:292 - Check plugin thirdparty
2023-12-15 16:21:36,835 [INFO] ThirdPartyDb:333 - Open Third Party DataBase File (C:/Users/LEGION/.stm32cubemx/plugins/thirdparty/db/thirdparties_db.xml) : 58 ms. number of Sw pack : 50
2023-12-15 16:21:36,837 [INFO] PluginManage:342 - Loaded plugin thirdparty (category:base,tabindex:-1)
2023-12-15 16:21:36,837 [INFO] PluginManage:292 - Check plugin tools
2023-12-15 16:21:36,837 [INFO] PluginManage:342 - Loaded plugin tools (category:base,tabindex:7)
2023-12-15 16:21:36,837 [INFO] PluginManage:292 - Check plugin tutovideos
2023-12-15 16:21:37,023 [INFO] PluginManage:342 - Loaded plugin tutovideos (category:base,tabindex:-1)
2023-12-15 16:21:37,023 [INFO] PluginManage:292 - Check plugin updater
2023-12-15 16:21:37,032 [INFO] PluginManage:342 - Loaded plugin updater (category:base,tabindex:12)
2023-12-15 16:21:37,032 [INFO] PluginManage:265 - PluginManage : Loaded plugins [13]
2023-12-15 16:21:37,174 [INFO] PinOutPanel:1418 - setPackage(No Configuration,No Configuration)
2023-12-15 16:21:37,255 [INFO] IPUIPlugin:64 - create IPUIPlugin
2023-12-15 16:21:37,255 [INFO] PluginManager:200 - loadIPPluginJar : add adc
2023-12-15 16:21:37,260 [INFO] IPUIPlugin:64 - create IPUIPlugin
2023-12-15 16:21:37,260 [INFO] PluginManager:200 - loadIPPluginJar : add aes
2023-12-15 16:21:37,260 [INFO] IPUIPlugin:64 - create IPUIPlugin
2023-12-15 16:21:37,260 [INFO] PluginManager:200 - loadIPPluginJar : add can
2023-12-15 16:21:37,265 [INFO] IPUIPlugin:64 - create IPUIPlugin
2023-12-15 16:21:37,265 [INFO] PluginManager:200 - loadIPPluginJar : add comp
2023-12-15 16:21:37,268 [INFO] IPUIPlugin:64 - create IPUIPlugin
2023-12-15 16:21:37,268 [INFO] PluginManager:200 - loadIPPluginJar : add cryp
2023-12-15 16:21:37,268 [INFO] IPUIPlugin:64 - create IPUIPlugin
2023-12-15 16:21:37,270 [INFO] PluginManager:200 - loadIPPluginJar : add dfsdm
2023-12-15 16:21:37,275 [INFO] IPUIPlugin:64 - create IPUIPlugin
2023-12-15 16:21:37,275 [INFO] PluginManager:200 - loadIPPluginJar : add dma
2023-12-15 16:21:37,275 [INFO] IPUIPlugin:64 - create IPUIPlugin
2023-12-15 16:21:37,275 [INFO] PluginManager:200 - loadIPPluginJar : add fatfs
2023-12-15 16:21:37,280 [INFO] IPUIPlugin:64 - create IPUIPlugin
2023-12-15 16:21:37,280 [INFO] PluginManager:200 - loadIPPluginJar : add fmc
2023-12-15 16:21:37,285 [INFO] IPUIPlugin:64 - create IPUIPlugin
2023-12-15 16:21:37,285 [INFO] PluginManager:200 - loadIPPluginJar : add freertos
2023-12-15 16:21:37,285 [INFO] IPUIPlugin:64 - create IPUIPlugin
2023-12-15 16:21:37,285 [INFO] PluginManager:200 - loadIPPluginJar : add genericplugin
2023-12-15 16:21:37,285 [INFO] IPUIPlugin:64 - create IPUIPlugin
2023-12-15 16:21:37,285 [INFO] PluginManager:200 - loadIPPluginJar : add gfxmmu
2023-12-15 16:21:37,290 [INFO] IPUIPlugin:64 - create IPUIPlugin
2023-12-15 16:21:37,290 [INFO] PluginManager:200 - loadIPPluginJar : add gic
2023-12-15 16:21:37,296 [INFO] IPUIPlugin:64 - create IPUIPlugin
2023-12-15 16:21:37,296 [INFO] PluginManager:200 - loadIPPluginJar : add gpio
2023-12-15 16:21:37,298 [INFO] IPUIPlugin:64 - create IPUIPlugin
2023-12-15 16:21:37,298 [INFO] PluginManager:200 - loadIPPluginJar : add gtzc
2023-12-15 16:21:37,303 [INFO] IPUIPlugin:64 - create IPUIPlugin
2023-12-15 16:21:37,303 [INFO] PluginManager:200 - loadIPPluginJar : add hash
2023-12-15 16:21:37,306 [INFO] IPUIPlugin:64 - create IPUIPlugin
2023-12-15 16:21:37,309 [INFO] PluginManager:200 - loadIPPluginJar : add i2c
2023-12-15 16:21:37,314 [INFO] IPUIPlugin:64 - create IPUIPlugin
2023-12-15 16:21:37,316 [INFO] PluginManager:200 - loadIPPluginJar : add i2s
2023-12-15 16:21:37,317 [INFO] IPUIPlugin:64 - create IPUIPlugin
2023-12-15 16:21:37,317 [INFO] PluginManager:200 - loadIPPluginJar : add ipddr
2023-12-15 16:21:37,321 [INFO] IPUIPlugin:64 - create IPUIPlugin
2023-12-15 16:21:37,321 [INFO] PluginManager:200 - loadIPPluginJar : add ltdc
2023-12-15 16:21:37,321 [INFO] IPUIPlugin:64 - create IPUIPlugin
2023-12-15 16:21:37,321 [INFO] PluginManager:200 - loadIPPluginJar : add mdma
2023-12-15 16:21:37,326 [INFO] IPUIPlugin:64 - create IPUIPlugin
2023-12-15 16:21:37,326 [INFO] PluginManager:200 - loadIPPluginJar : add nvic
2023-12-15 16:21:37,331 [INFO] IPUIPlugin:64 - create IPUIPlugin
2023-12-15 16:21:37,331 [INFO] PluginManager:200 - loadIPPluginJar : add opamp
2023-12-15 16:21:37,331 [INFO] IPUIPlugin:64 - create IPUIPlugin
2023-12-15 16:21:37,331 [INFO] PluginManager:200 - loadIPPluginJar : add openamp
2023-12-15 16:21:37,336 [INFO] IPUIPlugin:64 - create IPUIPlugin
2023-12-15 16:21:37,336 [INFO] PluginManager:200 - loadIPPluginJar : add pdm2pcm
2023-12-15 16:21:37,346 [INFO] IPUIPlugin:64 - create IPUIPlugin
2023-12-15 16:21:37,346 [INFO] PluginManager:200 - loadIPPluginJar : add plateformsettings
2023-12-15 16:21:37,350 [INFO] IPUIPlugin:64 - create IPUIPlugin
2023-12-15 16:21:37,350 [INFO] PluginManager:200 - loadIPPluginJar : add quadspi
2023-12-15 16:21:37,352 [INFO] IPUIPlugin:64 - create IPUIPlugin
2023-12-15 16:21:37,352 [INFO] PluginManager:200 - loadIPPluginJar : add resmgrutility
2023-12-15 16:21:37,354 [INFO] IPUIPlugin:64 - create IPUIPlugin
2023-12-15 16:21:37,354 [INFO] PluginManager:200 - loadIPPluginJar : add sai
2023-12-15 16:21:37,357 [INFO] IPUIPlugin:64 - create IPUIPlugin
2023-12-15 16:21:37,357 [INFO] PluginManager:200 - loadIPPluginJar : add spi
2023-12-15 16:21:37,357 [INFO] IPUIPlugin:64 - create IPUIPlugin
2023-12-15 16:21:37,357 [INFO] PluginManager:200 - loadIPPluginJar : add stm32_wpan
2023-12-15 16:21:37,361 [INFO] IPUIPlugin:64 - create IPUIPlugin
2023-12-15 16:21:37,361 [INFO] PluginManager:200 - loadIPPluginJar : add tim
2023-12-15 16:21:37,363 [INFO] IPUIPlugin:64 - create IPUIPlugin
2023-12-15 16:21:37,363 [INFO] PluginManager:200 - loadIPPluginJar : add touchsensing
2023-12-15 16:21:37,365 [INFO] IPUIPlugin:64 - create IPUIPlugin
2023-12-15 16:21:37,365 [INFO] PluginManager:200 - loadIPPluginJar : add tracer_emb
2023-12-15 16:21:37,366 [INFO] IPUIPlugin:64 - create IPUIPlugin
2023-12-15 16:21:37,366 [INFO] PluginManager:200 - loadIPPluginJar : add ts
2023-12-15 16:21:37,367 [INFO] IPUIPlugin:64 - create IPUIPlugin
2023-12-15 16:21:37,367 [INFO] PluginManager:200 - loadIPPluginJar : add tsc
2023-12-15 16:21:37,367 [INFO] IPUIPlugin:64 - create IPUIPlugin
2023-12-15 16:21:37,367 [INFO] PluginManager:200 - loadIPPluginJar : add ucpd
2023-12-15 16:21:37,367 [INFO] IPUIPlugin:64 - create IPUIPlugin
2023-12-15 16:21:37,367 [INFO] PluginManager:200 - loadIPPluginJar : add usart
2023-12-15 16:21:38,223 [INFO] CubeProgrammer:457 - [DDR PANEL] - PathOfProgrammer: null
2023-12-15 16:21:38,922 [FATAL] Updater:282 - Updater called before beeing initialized
2023-12-15 16:21:39,061 [FATAL] Updater:282 - Updater called before beeing initialized
2023-12-15 16:21:39,061 [WARN] ThirdParty:775 - waiting for thirdparty lock release [close project]
2023-12-15 16:21:39,061 [INFO] ThirdParty:777 - entering critical section [close project]
2023-12-15 16:21:39,061 [INFO] ThirdParty:790 - exiting critical section [close project]
2023-12-15 16:21:39,061 [INFO] PinOutPanel:1418 - setPackage(No Configuration,No Configuration)
2023-12-15 16:21:39,061 [FATAL] Updater:282 - Updater called before beeing initialized
2023-12-15 16:21:39,068 [ERROR] Updater:967 - MainUpdater not yet initialized. External WinMGr cannot be set.
2023-12-15 16:21:39,068 [INFO] CubeProgrammer:457 - [DDR PANEL] - PathOfProgrammer: D:\ST\STM32CubeIDE_1.4.0\STM32CubeIDE\plugins\com.st.stm32cube.ide.mcu.externaltools.cubeprogrammer.win32_1.4.0.202007081208\tools\bin
2023-12-15 16:21:39,071 [INFO] ProgrammerExecThread:148 - [ProgrammerAPI] CubeProgrammer command construction: D:\ST\STM32CubeIDE_1.4.0\STM32CubeIDE\plugins\com.st.stm32cube.ide.mcu.externaltools.cubeprogrammer.win32_1.4.0.202007081208\tools\bin\STM32_Programmer_CLI.exe -l
2023-12-15 16:21:39,187 [INFO] MainDdrPanel:49 - [DDR PANEL] SETTER - Set cubeProgrammerPath to: D:\ST\STM32CubeIDE_1.4.0\STM32CubeIDE\plugins\com.st.stm32cube.ide.mcu.externaltools.cubeprogrammer.win32_1.4.0.202007081208\tools\bin
2023-12-15 16:21:39,248 [INFO] Updater:904 - Updater Version found : 6.0.0
2023-12-15 16:21:39,262 [INFO] ApplicationProperties:181 - Using Application install path: D:\ST\STM32CubeIDE_1.4.0\STM32CubeIDE\plugins\com.st.stm32cube.common.mx_6.0.0.202007160824
2023-12-15 16:21:39,858 [INFO] MainUpdater:2268 - connection check result : 10
2023-12-15 16:21:39,858 [INFO] MainUpdater:239 - Updater Check For Update Now.
2023-12-15 16:21:39,858 [INFO] MicroXplorer:414 - Change Database Version : DB.6.0.0
2023-12-15 16:21:39,904 [INFO] CheckServerUpdateThread:102 - End of CheckServer Thread
2023-12-15 16:21:39,979 [INFO] MainUpdater:2268 - connection check result : 10
2023-12-15 16:21:40,172 [INFO] McuFinderGlobals:40 - Set McuFinder mode to 2 (CubeIDE integrated)
2023-12-15 16:21:40,281 [INFO] CrossSelectorPresenter:1330 - Cross Selector saved comparison directory: C:\Users\LEGION\.stmcufinder\plugins\mcufinder\mcu\cs_comparisons_mx
2023-12-15 16:21:40,283 [INFO] MultiScanPanel:193 - Auto-refresh data requested => check proxy status ongoing
2023-12-15 16:21:40,288 [INFO] FinderPluginLoader:87 - Searching for filters in installed packs
2023-12-15 16:21:40,288 [INFO] DbMcusXml:100 - Load MCU database from D:\ST\STM32CubeIDE_1.4.0\STM32CubeIDE\plugins\com.st.stm32cube.common.mx_6.0.0.202007160824\\db\/mcu/families.xml
2023-12-15 16:21:40,982 [INFO] DbMcusJson:92 - JSON generation date=Tue Nov 16 18:17:54 EET 2021 (1637079474)
2023-12-15 16:21:41,725 [INFO] DbMcus:175 - Found 1761 MCUs (1722 are supported by CubeMX, 1911 are visible in CubeMX)
2023-12-15 16:21:41,725 [INFO] ApiDb:201 - Load user favorites file C:\Users\LEGION/.stm32cubeide/favorites.mcus.txt: 0 item(s)
2023-12-15 16:21:41,725 [INFO] ApiDb:205 - User favorites MCUs=[]
2023-12-15 16:21:41,725 [INFO] DbMcus:187 - Set 0 / 0 favorites MCUs
2023-12-15 16:21:42,029 [INFO] LoadUrlFilesThread:162 - End of LoadServerUrlFiles without Thread
2023-12-15 16:21:42,033 [INFO] DetailPanel:331 - Set advertising image to C:/Users/LEGION/STM32Cube/Repository/\stm32cubemx-promo_image.jpg
2023-12-15 16:21:42,284 [INFO] McuFilterPanel:245 - Update 0 favorites MCUs
2023-12-15 16:21:42,359 [INFO] DbBoardsPdsc:94 - Found 23 items
2023-12-15 16:21:42,364 [INFO] DbBoardsPdsc:94 - Found 9 items
2023-12-15 16:21:42,364 [INFO] DbBoardsPdsc:94 - Found 29 items
2023-12-15 16:21:42,364 [INFO] DbBoardsPdsc:94 - Found 1 items
2023-12-15 16:21:42,369 [INFO] DbBoardsPdsc:94 - Found 44 items
2023-12-15 16:21:42,374 [INFO] DbBoardsPdsc:94 - Found 40 items
2023-12-15 16:21:42,379 [INFO] DbBoardsPdsc:94 - Found 2 items
2023-12-15 16:21:42,379 [INFO] DbBoardsPdsc:94 - Found 4 items
2023-12-15 16:21:42,389 [WARN] DbBoardsPdsc:258 - Board STM32H7B3I-DK: unknown feature type=Audio, name=, username=Audio stereo codec with Headphone Amp (CS42L51-CNZ), n=1
2023-12-15 16:21:42,389 [WARN] DbBoardsPdsc:258 - Board STM32H735G-DK: unknown feature type=Audio, name=, username=Audio stereo codec with Headphone Amp (WM8994ECS/R), n=1
2023-12-15 16:21:42,389 [WARN] DbBoardsPdsc:258 - Board STM32H7B3I-EVAL: unknown feature type=Audio, name=, username=Multi-Channel Audio Codec (CS42L51-CNZ), n=1
2023-12-15 16:21:42,389 [WARN] DbBoardsPdsc:258 - Board STM32H7B3I-EVAL: unknown feature type=Meter, name=, username=Power-metering and Temperature-monitoring with sigma-delta modulators, n=1
2023-12-15 16:21:42,389 [WARN] DbBoardsPdsc:258 - Board STM32H7B3I-EVAL: unknown feature type=Motor, name=, username=Motor Control, n=1
2023-12-15 16:21:42,405 [INFO] DbBoardsJson:85 - JSON generation date=Tue Nov 16 18:17:54 EET 2021 (1637079474)
2023-12-15 16:21:42,416 [INFO] DbBoards:117 - Found 166 boards (149 are supported by CubeMX)
2023-12-15 16:21:42,416 [INFO] DbBoardsDocs:145 - JSON generation date=Tue Nov 16 18:17:54 EET 2021 (1637079474)
2023-12-15 16:21:42,441 [INFO] DbBoardsDocs:81 - Found 209 boards documents
2023-12-15 16:21:42,444 [WARN] DbBoards:127 - board B-L475E-IOT01A2 has no document id list !
2023-12-15 16:21:42,446 [WARN] DbBoards:127 - board NUCLEO-H743ZI has no document id list !
2023-12-15 16:21:42,447 [WARN] DbBoards:127 - board P-NUCLEO-WB55-Nucleo has no document id list !
2023-12-15 16:21:42,447 [WARN] DbBoards:127 - board P-NUCLEO-WB55-USBDongle has no document id list !
2023-12-15 16:21:42,447 [WARN] DbBoards:127 - board STEVAL-BFA001V1B has no document id list !
2023-12-15 16:21:42,447 [WARN] DbBoards:127 - board STEVAL-BFA001V2B has no document id list !
2023-12-15 16:21:42,447 [WARN] DbBoards:127 - board STEVAL-IDP005V1 has no document id list !
2023-12-15 16:21:42,447 [WARN] DbBoards:127 - board STEVAL-IDP005V2 has no document id list !
2023-12-15 16:21:42,447 [WARN] DbBoards:127 - board STEVAL-MKSBOX1V1 has no document id list !
2023-12-15 16:21:42,447 [WARN] DbBoards:127 - board STEVAL-STWINKT1 has no document id list !
2023-12-15 16:21:42,447 [WARN] DbBoards:127 - board STEVAL-STWINKT1B has no document id list !
2023-12-15 16:21:42,447 [WARN] DbBoards:127 - board STM32439I-EVAL2 has no document id list !
2023-12-15 16:21:42,448 [WARN] DbBoards:127 - board STM32F401C-DISCO has no document id list !
2023-12-15 16:21:42,448 [WARN] DbBoards:127 - board STM32F769I-DISC1 has no document id list !
2023-12-15 16:21:42,448 [WARN] DbBoards:127 - board STM32G474E-EVAL1 has no document id list !
2023-12-15 16:21:42,449 [WARN] DbBoards:127 - board STM32H743I-EVAL2 has no document id list !
2023-12-15 16:21:42,449 [WARN] DbBoards:127 - board STM32H747I-DISC1 has no document id list !
2023-12-15 16:21:42,449 [WARN] DbBoards:127 - board STM32H753I-EVAL2 has no document id list !
2023-12-15 16:21:42,449 [WARN] DbBoards:127 - board STM32L-DISCOVERY has no document id list !
2023-12-15 16:21:42,518 [ERROR] DbBoards:189 - Image file not found for board B-L462E-CELL1: D:\ST\STM32CubeIDE_1.4.0\STM32CubeIDE\plugins\com.st.stm32cube.common.mx_6.0.0.202007160824\\db\/plugins/mcufinder/images/boards/B-L462E-CELL1_small.jpg
2023-12-15 16:21:42,549 [ERROR] DbBoards:189 - Image file not found for board B-U585I-IOT02A: D:\ST\STM32CubeIDE_1.4.0\STM32CubeIDE\plugins\com.st.stm32cube.common.mx_6.0.0.202007160824\\db\/plugins/mcufinder/images/boards/B-U585I-IOT02A_small.jpg
2023-12-15 16:21:42,609 [ERROR] DbBoards:189 - Image file not found for board NUCLEO-F413ZH: D:\ST\STM32CubeIDE_1.4.0\STM32CubeIDE\plugins\com.st.stm32cube.common.mx_6.0.0.202007160824\\db\/plugins/mcufinder/images/boards/nucleo-f413zh_small.jpg
2023-12-15 16:21:42,711 [ERROR] DbBoards:189 - Image file not found for board NUCLEO-L552ZE-Q: D:\ST\STM32CubeIDE_1.4.0\STM32CubeIDE\plugins\com.st.stm32cube.common.mx_6.0.0.202007160824\\db\/plugins/mcufinder/images/boards/nucleo_l552ze_q_small.jpg
2023-12-15 16:21:42,711 [ERROR] DbBoards:189 - Image file not found for board NUCLEO-U575ZI-Q: D:\ST\STM32CubeIDE_1.4.0\STM32CubeIDE\plugins\com.st.stm32cube.common.mx_6.0.0.202007160824\\db\/plugins/mcufinder/images/boards/nucleo-u575zi-q_small.jpg
2023-12-15 16:21:42,711 [ERROR] DbBoards:189 - Image file not found for board NUCLEO-WB15CC: D:\ST\STM32CubeIDE_1.4.0\STM32CubeIDE\plugins\com.st.stm32cube.common.mx_6.0.0.202007160824\\db\/plugins/mcufinder/images/boards/nucleo-wb15cc_small.jpg
2023-12-15 16:21:42,711 [ERROR] DbBoards:189 - Image file not found for board NUCLEO-WB55RG: D:\ST\STM32CubeIDE_1.4.0\STM32CubeIDE\plugins\com.st.stm32cube.common.mx_6.0.0.202007160824\\db\/plugins/mcufinder/images/boards/nucleo-wb55rg_small.jpg
2023-12-15 16:21:42,711 [ERROR] DbBoards:189 - Image file not found for board NUCLEO-WL55JC: D:\ST\STM32CubeIDE_1.4.0\STM32CubeIDE\plugins\com.st.stm32cube.common.mx_6.0.0.202007160824\\db\/plugins/mcufinder/images/boards/nucleo-wl55jc-small.jpg
2023-12-15 16:21:42,834 [ERROR] DbBoards:189 - Image file not found for board STEVAL-STWINKT1B: D:\ST\STM32CubeIDE_1.4.0\STM32CubeIDE\plugins\com.st.stm32cube.common.mx_6.0.0.202007160824\\db\/plugins/mcufinder/images/boards/steval-stwinkt1b_small.jpg
2023-12-15 16:21:42,848 [WARN] IntegrityCheckThread:61 - waiting for thirdparty lock release [integrity check]
2023-12-15 16:21:42,848 [INFO] IntegrityCheckThread:63 - entering critical section [integrity check]
2023-12-15 16:21:43,170 [ERROR] DbBoards:189 - Image file not found for board STM32G0C1E-EV: D:\ST\STM32CubeIDE_1.4.0\STM32CubeIDE\plugins\com.st.stm32cube.common.mx_6.0.0.202007160824\\db\/plugins/mcufinder/images/boards/stm32g0c1e-eval_small.jpg
2023-12-15 16:21:43,283 [ERROR] DbBoards:189 - Image file not found for board STM32H7B3I-EVAL: D:\ST\STM32CubeIDE_1.4.0\STM32CubeIDE\plugins\com.st.stm32cube.common.mx_6.0.0.202007160824\\db\/plugins/mcufinder/images/boards/stm32h7b3ieval_small.jpg
2023-12-15 16:21:43,298 [INFO] ThirdPartyDb:299 - Save Third Party DataBase File (C:/Users/LEGION/.stm32cubemx/plugins/thirdparty/db/thirdparties_db.xml) [forced]
2023-12-15 16:21:43,371 [INFO] ThirdPartyDb:299 - Save Third Party DataBase File (C:/Users/LEGION/.stm32cubemx/plugins/thirdparty/db/thirdparties_db.xml) [forced]
2023-12-15 16:21:43,410 [INFO] IntegrityCheckThread:76 - exiting critical section [integrity check]
2023-12-15 16:21:43,410 [INFO] IntegrityCheckThread:79 - End integrity checks thread
2023-12-15 16:21:43,458 [ERROR] DbBoards:189 - Image file not found for board STM32U575I-EV: D:\ST\STM32CubeIDE_1.4.0\STM32CubeIDE\plugins\com.st.stm32cube.common.mx_6.0.0.202007160824\\db\/plugins/mcufinder/images/boards/stm32u575i-ev_small.jpg
2023-12-15 16:21:43,492 [ERROR] DbBoards:189 - Image file not found for board STM32WB5MM-DK: D:\ST\STM32CubeIDE_1.4.0\STM32CubeIDE\plugins\com.st.stm32cube.common.mx_6.0.0.202007160824\\db\/plugins/mcufinder/images/boards/STM32WB5MM-DK_small.jpg
2023-12-15 16:21:43,492 [INFO] ApiDb:201 - Load user favorites file C:\Users\LEGION/.stm32cubeide/favorites.boards.txt: 0 item(s)
2023-12-15 16:21:43,492 [INFO] ApiDb:205 - User favorites Boards=[]
2023-12-15 16:21:43,492 [INFO] DbBoards:206 - Set 0 / 0 favorites Boards
2023-12-15 16:21:59,803 [INFO] DbMcusDocs:145 - JSON generation date=Tue Nov 16 18:17:54 EET 2021 (1637079474)
2023-12-15 16:21:59,941 [INFO] DbMcusDocs:81 - Found 682 MCUs documents
2023-12-15 16:22:14,958 [INFO] LogOutputStream:76 - [STDOUT_REDIRECT] withoutVersionV1.8.4
2023-12-15 16:22:14,958 [INFO] LogOutputStream:76 - [STDOUT_REDIRECT] withoutVersionV1.8.3
2023-12-15 16:22:14,959 [INFO] LogOutputStream:76 - [STDOUT_REDIRECT] withoutVersionV1.8.2
2023-12-15 16:22:14,960 [INFO] LogOutputStream:76 - [STDOUT_REDIRECT] withoutVersionV1.8.1
2023-12-15 16:22:14,960 [INFO] LogOutputStream:76 - [STDOUT_REDIRECT] withoutVersionV1.8.0
2023-12-15 16:22:18,932 [INFO] ApiDb:226 - Save user favorites file C:\Users\LEGION/.stm32cubeide/favorites.mcus.txt: 0 item(s)
2023-12-15 16:22:18,932 [INFO] ApiDb:230 - User favorites MCUs=[]
