2023-11-19 07:37:47,802 [INFO] Activator:178 - 


2023-11-19 07:37:47,807 [INFO] Activator:179 - !SESSION log4j initialized
2023-11-19 07:37:52,377 [INFO] ApplicationProperties:181 - Using Application install path: D:\ST\STM32CubeIDE_1.4.0\STM32CubeIDE\plugins\com.st.stm32cube.common.mx_6.0.0.202007160824
2023-11-19 07:37:52,387 [INFO] DbMcusXml:70 - Set database path to: D:\ST\STM32CubeIDE_1.4.0\STM32CubeIDE\plugins\com.st.stm32cube.common.mx_6.0.0.202007160824\\db\/mcu/
2023-11-19 07:37:52,387 [INFO] DbBoardsPdsc:56 - Set plugin database path to: D:\ST\STM32CubeIDE_1.4.0\STM32CubeIDE\plugins\com.st.stm32cube.common.mx_6.0.0.202007160824\\db\/plugins/boardmanager/
2023-11-19 07:37:52,387 [INFO] DbMcus:258 - Set plugin images path to: D:\ST\STM32CubeIDE_1.4.0\STM32CubeIDE\plugins\com.st.stm32cube.common.mx_6.0.0.202007160824\\db\/plugins/mcufinder/images/
2023-11-19 07:37:52,392 [INFO] DbBoards:264 - Set plugin images path to: D:\ST\STM32CubeIDE_1.4.0\STM32CubeIDE\plugins\com.st.stm32cube.common.mx_6.0.0.202007160824\\db\/plugins/mcufinder/images/
2023-11-19 07:37:52,394 [INFO] DbExamples:326 - Set plugin images path to: D:\ST\STM32CubeIDE_1.4.0\STM32CubeIDE\plugins\com.st.stm32cube.common.mx_6.0.0.202007160824\\db\/plugins/mcufinder/images/
2023-11-19 07:37:52,400 [INFO] DbMcusDocs:112 - Set database path to: C:\Users\LEGION\.stmcufinder\plugins\mcufinder//mcu/
2023-11-19 07:37:52,402 [INFO] DbMcusJson:63 - Set database path to: C:\Users\LEGION\.stmcufinder\plugins\mcufinder//mcu/
2023-11-19 07:37:52,402 [INFO] DbBoardsDocs:112 - Set database path to: C:\Users\LEGION\.stmcufinder\plugins\mcufinder//mcu/
2023-11-19 07:37:52,402 [INFO] DbBoardsJson:56 - Set database path to: C:\Users\LEGION\.stmcufinder\plugins\mcufinder//mcu/
2023-11-19 07:37:52,402 [INFO] CrossReferenceDbSqlite:196 - Set database path to: C:\Users\LEGION\.stmcufinder\plugins\mcufinder//mcu/cs/
2023-11-19 07:37:52,407 [INFO] DbExamplesSqlite:800 - Set database path to: C:\Users\LEGION\.stmcufinder\plugins\mcufinder//mcu/
2023-11-19 07:37:52,484 [INFO] RulesReader:52 - Compatibility file has been processed (209 Rules)
2023-11-19 07:37:52,560 [INFO] MicroXplorer:564 - Detected Java Version = 1.8.0_252
2023-11-19 07:37:52,564 [INFO] DbMcusXml:70 - Set database path to: D:\ST\STM32CubeIDE_1.4.0\STM32CubeIDE\plugins\com.st.stm32cube.common.mx_6.0.0.202007160824\\db\/mcu/
2023-11-19 07:37:52,564 [INFO] DbBoardsPdsc:56 - Set plugin database path to: D:\ST\STM32CubeIDE_1.4.0\STM32CubeIDE\plugins\com.st.stm32cube.common.mx_6.0.0.202007160824\\db\/plugins/boardmanager/
2023-11-19 07:37:52,564 [INFO] DbMcus:258 - Set plugin images path to: D:\ST\STM32CubeIDE_1.4.0\STM32CubeIDE\plugins\com.st.stm32cube.common.mx_6.0.0.202007160824\\db\/plugins/mcufinder/images/
2023-11-19 07:37:52,565 [INFO] DbBoards:264 - Set plugin images path to: D:\ST\STM32CubeIDE_1.4.0\STM32CubeIDE\plugins\com.st.stm32cube.common.mx_6.0.0.202007160824\\db\/plugins/mcufinder/images/
2023-11-19 07:37:52,565 [INFO] DbExamples:326 - Set plugin images path to: D:\ST\STM32CubeIDE_1.4.0\STM32CubeIDE\plugins\com.st.stm32cube.common.mx_6.0.0.202007160824\\db\/plugins/mcufinder/images/
2023-11-19 07:37:52,565 [WARN] DbFile:36 - Overriding database path with different value: C:\Users\LEGION\.stmcufinder\plugins\mcufinder/ => C:\Users\LEGION\.stmcufinder\plugins\mcufinder
2023-11-19 07:37:52,565 [INFO] DbMcusDocs:112 - Set database path to: C:\Users\LEGION\.stmcufinder\plugins\mcufinder//mcu/
2023-11-19 07:37:52,566 [WARN] DbFile:36 - Overriding database path with different value: C:\Users\LEGION\.stmcufinder\plugins\mcufinder/ => C:\Users\LEGION\.stmcufinder\plugins\mcufinder
2023-11-19 07:37:52,566 [INFO] DbMcusJson:63 - Set database path to: C:\Users\LEGION\.stmcufinder\plugins\mcufinder//mcu/
2023-11-19 07:37:52,566 [WARN] DbFile:36 - Overriding database path with different value: C:\Users\LEGION\.stmcufinder\plugins\mcufinder/ => C:\Users\LEGION\.stmcufinder\plugins\mcufinder
2023-11-19 07:37:52,566 [INFO] DbBoardsDocs:112 - Set database path to: C:\Users\LEGION\.stmcufinder\plugins\mcufinder//mcu/
2023-11-19 07:37:52,566 [WARN] DbFile:36 - Overriding database path with different value: C:\Users\LEGION\.stmcufinder\plugins\mcufinder/ => C:\Users\LEGION\.stmcufinder\plugins\mcufinder
2023-11-19 07:37:52,566 [INFO] DbBoardsJson:56 - Set database path to: C:\Users\LEGION\.stmcufinder\plugins\mcufinder//mcu/
2023-11-19 07:37:52,566 [WARN] DbFile:36 - Overriding database path with different value: C:\Users\LEGION\.stmcufinder\plugins\mcufinder/ => C:\Users\LEGION\.stmcufinder\plugins\mcufinder
2023-11-19 07:37:52,566 [WARN] DbFile:36 - Overriding database path with different value: C:\Users\LEGION\.stmcufinder\plugins\mcufinder/ => C:\Users\LEGION\.stmcufinder\plugins\mcufinder
2023-11-19 07:37:52,566 [INFO] CrossReferenceDbSqlite:196 - Set database path to: C:\Users\LEGION\.stmcufinder\plugins\mcufinder//mcu/cs/
2023-11-19 07:37:52,566 [WARN] DbFile:36 - Overriding database path with different value: C:\Users\LEGION\.stmcufinder\plugins\mcufinder/ => C:\Users\LEGION\.stmcufinder\plugins\mcufinder
2023-11-19 07:37:52,566 [INFO] DbExamplesSqlite:800 - Set database path to: C:\Users\LEGION\.stmcufinder\plugins\mcufinder//mcu/
2023-11-19 07:37:52,624 [INFO] MainPanel:189 - HeapMemory: 268435456
2023-11-19 07:37:52,703 [INFO] DbMcusXml:70 - Set database path to: D:\ST\STM32CubeIDE_1.4.0\STM32CubeIDE\plugins\com.st.stm32cube.common.mx_6.0.0.202007160824\\db\/mcu/
2023-11-19 07:37:52,703 [INFO] DbBoardsPdsc:56 - Set plugin database path to: D:\ST\STM32CubeIDE_1.4.0\STM32CubeIDE\plugins\com.st.stm32cube.common.mx_6.0.0.202007160824\\db\/plugins/boardmanager/
2023-11-19 07:37:52,703 [INFO] DbMcus:258 - Set plugin images path to: D:\ST\STM32CubeIDE_1.4.0\STM32CubeIDE\plugins\com.st.stm32cube.common.mx_6.0.0.202007160824\\db\/plugins/mcufinder/images/
2023-11-19 07:37:52,703 [INFO] DbBoards:264 - Set plugin images path to: D:\ST\STM32CubeIDE_1.4.0\STM32CubeIDE\plugins\com.st.stm32cube.common.mx_6.0.0.202007160824\\db\/plugins/mcufinder/images/
2023-11-19 07:37:52,703 [INFO] DbExamples:326 - Set plugin images path to: D:\ST\STM32CubeIDE_1.4.0\STM32CubeIDE\plugins\com.st.stm32cube.common.mx_6.0.0.202007160824\\db\/plugins/mcufinder/images/
2023-11-19 07:37:52,703 [WARN] DbFile:36 - Overriding database path with different value: C:\Users\LEGION\.stmcufinder\plugins\mcufinder/ => C:\Users\LEGION\.stmcufinder\plugins\mcufinder
2023-11-19 07:37:52,703 [INFO] DbMcusDocs:112 - Set database path to: C:\Users\LEGION\.stmcufinder\plugins\mcufinder//mcu/
2023-11-19 07:37:52,703 [WARN] DbFile:36 - Overriding database path with different value: C:\Users\LEGION\.stmcufinder\plugins\mcufinder/ => C:\Users\LEGION\.stmcufinder\plugins\mcufinder
2023-11-19 07:37:52,703 [INFO] DbMcusJson:63 - Set database path to: C:\Users\LEGION\.stmcufinder\plugins\mcufinder//mcu/
2023-11-19 07:37:52,705 [WARN] DbFile:36 - Overriding database path with different value: C:\Users\LEGION\.stmcufinder\plugins\mcufinder/ => C:\Users\LEGION\.stmcufinder\plugins\mcufinder
2023-11-19 07:37:52,705 [INFO] DbBoardsDocs:112 - Set database path to: C:\Users\LEGION\.stmcufinder\plugins\mcufinder//mcu/
2023-11-19 07:37:52,705 [WARN] DbFile:36 - Overriding database path with different value: C:\Users\LEGION\.stmcufinder\plugins\mcufinder/ => C:\Users\LEGION\.stmcufinder\plugins\mcufinder
2023-11-19 07:37:52,705 [INFO] DbBoardsJson:56 - Set database path to: C:\Users\LEGION\.stmcufinder\plugins\mcufinder//mcu/
2023-11-19 07:37:52,705 [WARN] DbFile:36 - Overriding database path with different value: C:\Users\LEGION\.stmcufinder\plugins\mcufinder/ => C:\Users\LEGION\.stmcufinder\plugins\mcufinder
2023-11-19 07:37:52,705 [WARN] DbFile:36 - Overriding database path with different value: C:\Users\LEGION\.stmcufinder\plugins\mcufinder/ => C:\Users\LEGION\.stmcufinder\plugins\mcufinder
2023-11-19 07:37:52,705 [INFO] CrossReferenceDbSqlite:196 - Set database path to: C:\Users\LEGION\.stmcufinder\plugins\mcufinder//mcu/cs/
2023-11-19 07:37:52,705 [WARN] DbFile:36 - Overriding database path with different value: C:\Users\LEGION\.stmcufinder\plugins\mcufinder/ => C:\Users\LEGION\.stmcufinder\plugins\mcufinder
2023-11-19 07:37:52,705 [INFO] DbExamplesSqlite:800 - Set database path to: C:\Users\LEGION\.stmcufinder\plugins\mcufinder//mcu/
2023-11-19 07:37:52,720 [INFO] ApplicationProperties:181 - Using Application install path: D:\ST\STM32CubeIDE_1.4.0\STM32CubeIDE\plugins\com.st.stm32cube.common.mx_6.0.0.202007160824
2023-11-19 07:37:52,720 [INFO] PluginManage:178 - Search for loadable plugins [exclusion list=, ]
2023-11-19 07:37:52,720 [INFO] PluginManage:292 - Check plugin analytics
2023-11-19 07:37:52,838 [INFO] AnalyticsPlugin:203 - Accepted Software Licenses: 
2023-11-19 07:37:52,838 [INFO] AnalyticsPlugin:205 - Accepted CMSIS Pack Licenses: 
2023-11-19 07:37:52,838 [INFO] AnalyticsPlugin:207 - Accepted Firmware Licenses: 
2023-11-19 07:37:52,838 [INFO] PluginManage:342 - Loaded plugin analytics (category:tool,tabindex:-1)
2023-11-19 07:37:52,841 [INFO] PluginManage:292 - Check plugin clock
2023-11-19 07:37:52,849 [INFO] PluginManage:342 - Loaded plugin clock (category:base,tabindex:2)
2023-11-19 07:37:52,849 [INFO] PluginManage:292 - Check plugin ddr
2023-11-19 07:37:52,854 [INFO] PluginManage:342 - Loaded plugin ddr (category:tool,tabindex:6)
2023-11-19 07:37:52,854 [INFO] PluginManage:292 - Check plugin filemanager
2023-11-19 07:37:53,086 [INFO] PluginManage:342 - Loaded plugin filemanager (category:base,tabindex:10)
2023-11-19 07:37:53,086 [INFO] PluginManage:292 - Check plugin ipmanager
2023-11-19 07:37:53,096 [INFO] PluginManage:342 - Loaded plugin ipmanager (category:base,tabindex:5)
2023-11-19 07:37:53,096 [INFO] PluginManage:292 - Check plugin pinoutandconfiguration
2023-11-19 07:37:53,111 [INFO] PluginManage:342 - Loaded plugin pinoutandconfiguration (category:base,tabindex:1)
2023-11-19 07:37:53,111 [INFO] PluginManage:292 - Check plugin pinoutconfig
2023-11-19 07:37:53,146 [INFO] PluginManage:342 - Loaded plugin pinoutconfig (category:base,tabindex:0)
2023-11-19 07:37:53,146 [INFO] PluginManage:292 - Check plugin power
2023-11-19 07:37:53,156 [INFO] PluginManage:342 - Loaded plugin power (category:power,tabindex:4)
2023-11-19 07:37:53,156 [INFO] PluginManage:292 - Check plugin projectmanager
2023-11-19 07:37:53,171 [INFO] PluginManage:342 - Loaded plugin projectmanager (category:projectmanager,tabindex:3)
2023-11-19 07:37:53,171 [INFO] PluginManage:292 - Check plugin thirdparty
2023-11-19 07:37:53,273 [INFO] ThirdPartyDb:333 - Open Third Party DataBase File (C:/Users/LEGION/.stm32cubemx/plugins/thirdparty/db/thirdparties_db.xml) : 51 ms. number of Sw pack : 47
2023-11-19 07:37:53,278 [INFO] PluginManage:342 - Loaded plugin thirdparty (category:base,tabindex:-1)
2023-11-19 07:37:53,278 [INFO] PluginManage:292 - Check plugin tools
2023-11-19 07:37:53,278 [INFO] PluginManage:342 - Loaded plugin tools (category:base,tabindex:7)
2023-11-19 07:37:53,278 [INFO] PluginManage:292 - Check plugin tutovideos
2023-11-19 07:37:53,536 [INFO] PluginManage:342 - Loaded plugin tutovideos (category:base,tabindex:-1)
2023-11-19 07:37:53,536 [INFO] PluginManage:292 - Check plugin updater
2023-11-19 07:37:53,551 [INFO] PluginManage:342 - Loaded plugin updater (category:base,tabindex:12)
2023-11-19 07:37:53,551 [INFO] PluginManage:265 - PluginManage : Loaded plugins [13]
2023-11-19 07:37:53,690 [INFO] PinOutPanel:1418 - setPackage(No Configuration,No Configuration)
2023-11-19 07:37:53,767 [INFO] IPUIPlugin:64 - create IPUIPlugin
2023-11-19 07:37:53,767 [INFO] PluginManager:200 - loadIPPluginJar : add adc
2023-11-19 07:37:53,767 [INFO] IPUIPlugin:64 - create IPUIPlugin
2023-11-19 07:37:53,767 [INFO] PluginManager:200 - loadIPPluginJar : add aes
2023-11-19 07:37:53,772 [INFO] IPUIPlugin:64 - create IPUIPlugin
2023-11-19 07:37:53,772 [INFO] PluginManager:200 - loadIPPluginJar : add can
2023-11-19 07:37:53,773 [INFO] IPUIPlugin:64 - create IPUIPlugin
2023-11-19 07:37:53,773 [INFO] PluginManager:200 - loadIPPluginJar : add comp
2023-11-19 07:37:53,777 [INFO] IPUIPlugin:64 - create IPUIPlugin
2023-11-19 07:37:53,777 [INFO] PluginManager:200 - loadIPPluginJar : add cryp
2023-11-19 07:37:53,779 [INFO] IPUIPlugin:64 - create IPUIPlugin
2023-11-19 07:37:53,779 [INFO] PluginManager:200 - loadIPPluginJar : add dfsdm
2023-11-19 07:37:53,784 [INFO] IPUIPlugin:64 - create IPUIPlugin
2023-11-19 07:37:53,785 [INFO] PluginManager:200 - loadIPPluginJar : add dma
2023-11-19 07:37:53,785 [INFO] IPUIPlugin:64 - create IPUIPlugin
2023-11-19 07:37:53,785 [INFO] PluginManager:200 - loadIPPluginJar : add fatfs
2023-11-19 07:37:53,788 [INFO] IPUIPlugin:64 - create IPUIPlugin
2023-11-19 07:37:53,788 [INFO] PluginManager:200 - loadIPPluginJar : add fmc
2023-11-19 07:37:53,795 [INFO] IPUIPlugin:64 - create IPUIPlugin
2023-11-19 07:37:53,795 [INFO] PluginManager:200 - loadIPPluginJar : add freertos
2023-11-19 07:37:53,797 [INFO] IPUIPlugin:64 - create IPUIPlugin
2023-11-19 07:37:53,797 [INFO] PluginManager:200 - loadIPPluginJar : add genericplugin
2023-11-19 07:37:53,800 [INFO] IPUIPlugin:64 - create IPUIPlugin
2023-11-19 07:37:53,800 [INFO] PluginManager:200 - loadIPPluginJar : add gfxmmu
2023-11-19 07:37:53,804 [INFO] IPUIPlugin:64 - create IPUIPlugin
2023-11-19 07:37:53,804 [INFO] PluginManager:200 - loadIPPluginJar : add gic
2023-11-19 07:37:53,807 [INFO] IPUIPlugin:64 - create IPUIPlugin
2023-11-19 07:37:53,808 [INFO] PluginManager:200 - loadIPPluginJar : add gpio
2023-11-19 07:37:53,809 [INFO] IPUIPlugin:64 - create IPUIPlugin
2023-11-19 07:37:53,809 [INFO] PluginManager:200 - loadIPPluginJar : add gtzc
2023-11-19 07:37:53,811 [INFO] IPUIPlugin:64 - create IPUIPlugin
2023-11-19 07:37:53,811 [INFO] PluginManager:200 - loadIPPluginJar : add hash
2023-11-19 07:37:53,813 [INFO] IPUIPlugin:64 - create IPUIPlugin
2023-11-19 07:37:53,813 [INFO] PluginManager:200 - loadIPPluginJar : add i2c
2023-11-19 07:37:53,815 [INFO] IPUIPlugin:64 - create IPUIPlugin
2023-11-19 07:37:53,815 [INFO] PluginManager:200 - loadIPPluginJar : add i2s
2023-11-19 07:37:53,817 [INFO] IPUIPlugin:64 - create IPUIPlugin
2023-11-19 07:37:53,817 [INFO] PluginManager:200 - loadIPPluginJar : add ipddr
2023-11-19 07:37:53,819 [INFO] IPUIPlugin:64 - create IPUIPlugin
2023-11-19 07:37:53,819 [INFO] PluginManager:200 - loadIPPluginJar : add ltdc
2023-11-19 07:37:53,821 [INFO] IPUIPlugin:64 - create IPUIPlugin
2023-11-19 07:37:53,822 [INFO] PluginManager:200 - loadIPPluginJar : add mdma
2023-11-19 07:37:53,823 [INFO] IPUIPlugin:64 - create IPUIPlugin
2023-11-19 07:37:53,823 [INFO] PluginManager:200 - loadIPPluginJar : add nvic
2023-11-19 07:37:53,827 [INFO] IPUIPlugin:64 - create IPUIPlugin
2023-11-19 07:37:53,827 [INFO] PluginManager:200 - loadIPPluginJar : add opamp
2023-11-19 07:37:53,830 [INFO] IPUIPlugin:64 - create IPUIPlugin
2023-11-19 07:37:53,830 [INFO] PluginManager:200 - loadIPPluginJar : add openamp
2023-11-19 07:37:53,832 [INFO] IPUIPlugin:64 - create IPUIPlugin
2023-11-19 07:37:53,832 [INFO] PluginManager:200 - loadIPPluginJar : add pdm2pcm
2023-11-19 07:37:53,836 [INFO] IPUIPlugin:64 - create IPUIPlugin
2023-11-19 07:37:53,840 [INFO] PluginManager:200 - loadIPPluginJar : add plateformsettings
2023-11-19 07:37:53,840 [INFO] IPUIPlugin:64 - create IPUIPlugin
2023-11-19 07:37:53,840 [INFO] PluginManager:200 - loadIPPluginJar : add quadspi
2023-11-19 07:37:53,842 [INFO] IPUIPlugin:64 - create IPUIPlugin
2023-11-19 07:37:53,842 [INFO] PluginManager:200 - loadIPPluginJar : add resmgrutility
2023-11-19 07:37:53,845 [INFO] IPUIPlugin:64 - create IPUIPlugin
2023-11-19 07:37:53,845 [INFO] PluginManager:200 - loadIPPluginJar : add sai
2023-11-19 07:37:53,845 [INFO] IPUIPlugin:64 - create IPUIPlugin
2023-11-19 07:37:53,845 [INFO] PluginManager:200 - loadIPPluginJar : add spi
2023-11-19 07:37:53,849 [INFO] IPUIPlugin:64 - create IPUIPlugin
2023-11-19 07:37:53,849 [INFO] PluginManager:200 - loadIPPluginJar : add stm32_wpan
2023-11-19 07:37:53,852 [INFO] IPUIPlugin:64 - create IPUIPlugin
2023-11-19 07:37:53,852 [INFO] PluginManager:200 - loadIPPluginJar : add tim
2023-11-19 07:37:53,854 [INFO] IPUIPlugin:64 - create IPUIPlugin
2023-11-19 07:37:53,854 [INFO] PluginManager:200 - loadIPPluginJar : add touchsensing
2023-11-19 07:37:53,854 [INFO] IPUIPlugin:64 - create IPUIPlugin
2023-11-19 07:37:53,854 [INFO] PluginManager:200 - loadIPPluginJar : add tracer_emb
2023-11-19 07:37:53,854 [INFO] IPUIPlugin:64 - create IPUIPlugin
2023-11-19 07:37:53,854 [INFO] PluginManager:200 - loadIPPluginJar : add ts
2023-11-19 07:37:53,859 [INFO] IPUIPlugin:64 - create IPUIPlugin
2023-11-19 07:37:53,859 [INFO] PluginManager:200 - loadIPPluginJar : add tsc
2023-11-19 07:37:53,861 [INFO] IPUIPlugin:64 - create IPUIPlugin
2023-11-19 07:37:53,861 [INFO] PluginManager:200 - loadIPPluginJar : add ucpd
2023-11-19 07:37:53,861 [INFO] IPUIPlugin:64 - create IPUIPlugin
2023-11-19 07:37:53,861 [INFO] PluginManager:200 - loadIPPluginJar : add usart
2023-11-19 07:37:54,659 [INFO] CubeProgrammer:457 - [DDR PANEL] - PathOfProgrammer: null
2023-11-19 07:37:55,363 [FATAL] Updater:282 - Updater called before beeing initialized
2023-11-19 07:37:55,494 [FATAL] Updater:282 - Updater called before beeing initialized
2023-11-19 07:37:55,494 [WARN] ThirdParty:775 - waiting for thirdparty lock release [close project]
2023-11-19 07:37:55,494 [INFO] ThirdParty:777 - entering critical section [close project]
2023-11-19 07:37:55,494 [INFO] ThirdParty:790 - exiting critical section [close project]
2023-11-19 07:37:55,494 [INFO] PinOutPanel:1418 - setPackage(No Configuration,No Configuration)
2023-11-19 07:37:55,494 [FATAL] Updater:282 - Updater called before beeing initialized
2023-11-19 07:37:55,505 [ERROR] Updater:967 - MainUpdater not yet initialized. External WinMGr cannot be set.
2023-11-19 07:37:55,509 [INFO] CubeProgrammer:457 - [DDR PANEL] - PathOfProgrammer: D:\ST\STM32CubeIDE_1.4.0\STM32CubeIDE\plugins\com.st.stm32cube.ide.mcu.externaltools.cubeprogrammer.win32_1.4.0.202007081208\tools\bin
2023-11-19 07:37:55,511 [INFO] ProgrammerExecThread:148 - [ProgrammerAPI] CubeProgrammer command construction: D:\ST\STM32CubeIDE_1.4.0\STM32CubeIDE\plugins\com.st.stm32cube.ide.mcu.externaltools.cubeprogrammer.win32_1.4.0.202007081208\tools\bin\STM32_Programmer_CLI.exe -l
2023-11-19 07:37:55,731 [INFO] MainDdrPanel:49 - [DDR PANEL] SETTER - Set cubeProgrammerPath to: D:\ST\STM32CubeIDE_1.4.0\STM32CubeIDE\plugins\com.st.stm32cube.ide.mcu.externaltools.cubeprogrammer.win32_1.4.0.202007081208\tools\bin
2023-11-19 07:37:55,752 [INFO] Updater:904 - Updater Version found : 6.0.0
2023-11-19 07:37:55,762 [INFO] ApplicationProperties:181 - Using Application install path: D:\ST\STM32CubeIDE_1.4.0\STM32CubeIDE\plugins\com.st.stm32cube.common.mx_6.0.0.202007160824
2023-11-19 07:37:57,397 [INFO] MainUpdater:2268 - connection check result : 10
2023-11-19 07:37:57,398 [INFO] MainUpdater:239 - Updater Check For Update Now.
2023-11-19 07:37:57,398 [INFO] MicroXplorer:414 - Change Database Version : DB.6.0.0
2023-11-19 07:37:57,441 [INFO] CheckServerUpdateThread:102 - End of CheckServer Thread
2023-11-19 07:37:57,502 [INFO] MainUpdater:2268 - connection check result : 10
2023-11-19 07:37:58,219 [INFO] ServerAccessManage:348 - Download File mcusDocs.json._tmp_
2023-11-19 07:37:58,439 [INFO] LoadUrlFilesThread:135 - End of LoadUrlFiles Thread
2023-11-19 07:37:58,829 [INFO] ServerAccessManage:348 - Download File mcusFeaturesAndDescription.json._tmp_
2023-11-19 07:37:59,285 [WARN] IntegrityCheckThread:61 - waiting for thirdparty lock release [integrity check]
2023-11-19 07:37:59,285 [INFO] IntegrityCheckThread:63 - entering critical section [integrity check]
2023-11-19 07:37:59,285 [WARN] MainUpdater:1087 - Updater busy. Cannot search thirdparties
2023-11-19 07:38:02,290 [WARN] MainUpdater:1087 - Updater busy. Cannot search thirdparties
2023-11-19 07:38:02,388 [INFO] LoadUrlFilesThread:135 - End of LoadUrlFiles Thread
2023-11-19 07:38:02,486 [INFO] ServerAccessManage:348 - Download File boardsDocs.json._tmp_
2023-11-19 07:38:02,503 [INFO] LoadUrlFilesThread:135 - End of LoadUrlFiles Thread
2023-11-19 07:38:02,595 [INFO] ServerAccessManage:348 - Download File boards.json._tmp_
2023-11-19 07:38:02,754 [INFO] LoadUrlFilesThread:135 - End of LoadUrlFiles Thread
2023-11-19 07:38:03,271 [INFO] ServerAccessManage:348 - Download File cube-finder-db.zip
2023-11-19 07:38:05,293 [WARN] MainUpdater:1087 - Updater busy. Cannot search thirdparties
2023-11-19 07:38:08,298 [WARN] MainUpdater:1087 - Updater busy. Cannot search thirdparties
2023-11-19 07:38:11,312 [WARN] MainUpdater:1087 - Updater busy. Cannot search thirdparties
2023-11-19 07:38:11,901 [INFO] FileExtend:225 - Unzip File : cube-finder-db.zip
2023-11-19 07:38:11,901 [INFO] FileExtend:240 - Standard Zip Deflate
2023-11-19 07:38:12,316 [INFO] LoadUrlFilesThread:135 - End of LoadUrlFiles Thread
2023-11-19 07:38:12,754 [INFO] ServerAccessManage:348 - Download File crdb.zip
2023-11-19 07:38:13,121 [INFO] FileExtend:225 - Unzip File : crdb.zip
2023-11-19 07:38:13,121 [INFO] FileExtend:240 - Standard Zip Deflate
2023-11-19 07:38:13,154 [INFO] LoadUrlFilesThread:135 - End of LoadUrlFiles Thread
2023-11-19 07:38:13,628 [INFO] ServerAccessManage:348 - Download File tutoVideoDB.zip
2023-11-19 07:38:13,724 [INFO] FileExtend:225 - Unzip File : tutoVideoDB.zip
2023-11-19 07:38:13,726 [INFO] FileExtend:240 - Standard Zip Deflate
2023-11-19 07:38:13,737 [INFO] LoadUrlFilesThread:135 - End of LoadUrlFiles Thread
2023-11-19 07:38:13,757 [INFO] DbMcusDocs:145 - JSON generation date=Tue Nov 16 18:17:54 EET 2021 (1637079474)
2023-11-19 07:38:13,757 [INFO] DbMcusXml:100 - Load MCU database from D:\ST\STM32CubeIDE_1.4.0\STM32CubeIDE\plugins\com.st.stm32cube.common.mx_6.0.0.202007160824\\db\/mcu/families.xml
2023-11-19 07:38:14,226 [INFO] DbMcusJson:92 - JSON generation date=Tue Nov 16 18:17:54 EET 2021 (1637079474)
2023-11-19 07:38:14,875 [INFO] ThirdPartyDb:299 - Save Third Party DataBase File (C:/Users/LEGION/.stm32cubemx/plugins/thirdparty/db/thirdparties_db.xml) [forced]
2023-11-19 07:38:14,983 [INFO] ThirdPartyDb:299 - Save Third Party DataBase File (C:/Users/LEGION/.stm32cubemx/plugins/thirdparty/db/thirdparties_db.xml) [forced]
2023-11-19 07:38:14,990 [INFO] DbMcus:175 - Found 1761 MCUs (1722 are supported by CubeMX, 1911 are visible in CubeMX)
2023-11-19 07:38:14,990 [INFO] ApiDb:201 - Load user favorites file C:\Users\LEGION/.stm32cubemx/favorites.mcus.txt: 0 item(s)
2023-11-19 07:38:14,990 [INFO] ApiDb:205 - User favorites MCUs=[]
2023-11-19 07:38:14,990 [INFO] DbMcus:187 - Set 0 / 0 favorites MCUs
2023-11-19 07:38:15,033 [INFO] IntegrityCheckThread:76 - exiting critical section [integrity check]
2023-11-19 07:38:15,033 [INFO] IntegrityCheckThread:79 - End integrity checks thread
2023-11-19 07:38:15,340 [INFO] DbMcusDocs:81 - Found 682 MCUs documents
2023-11-19 07:38:15,342 [INFO] ApiDb:226 - Save user favorites file C:\Users\LEGION/.stm32cubemx/favorites.mcus.txt: 0 item(s)
2023-11-19 07:38:15,342 [INFO] ApiDb:230 - User favorites MCUs=[]
2023-11-19 07:38:15,342 [INFO] DbMcusXml:100 - Load MCU database from D:\ST\STM32CubeIDE_1.4.0\STM32CubeIDE\plugins\com.st.stm32cube.common.mx_6.0.0.202007160824\\db\/mcu/families.xml
2023-11-19 07:38:15,779 [INFO] DbMcusJson:92 - JSON generation date=Tue Nov 16 18:17:54 EET 2021 (1637079474)
2023-11-19 07:38:16,110 [INFO] DbMcus:175 - Found 1761 MCUs (1722 are supported by CubeMX, 1911 are visible in CubeMX)
2023-11-19 07:38:16,111 [INFO] ApiDb:201 - Load user favorites file C:\Users\LEGION/.stm32cubemx/favorites.mcus.txt: 0 item(s)
2023-11-19 07:38:16,111 [INFO] ApiDb:205 - User favorites MCUs=[]
2023-11-19 07:38:16,111 [INFO] DbMcus:187 - Set 0 / 0 favorites MCUs
2023-11-19 07:38:16,116 [INFO] DbBoardsDocs:145 - JSON generation date=Tue Nov 16 18:17:54 EET 2021 (1637079474)
2023-11-19 07:38:16,126 [INFO] DbBoardsPdsc:94 - Found 23 items
2023-11-19 07:38:16,126 [INFO] DbBoardsPdsc:94 - Found 9 items
2023-11-19 07:38:16,126 [INFO] DbBoardsPdsc:94 - Found 29 items
2023-11-19 07:38:16,126 [INFO] DbBoardsPdsc:94 - Found 1 items
2023-11-19 07:38:16,126 [INFO] DbBoardsPdsc:94 - Found 44 items
2023-11-19 07:38:16,140 [INFO] DbBoardsPdsc:94 - Found 40 items
2023-11-19 07:38:16,145 [INFO] DbBoardsPdsc:94 - Found 2 items
2023-11-19 07:38:16,146 [INFO] DbBoardsPdsc:94 - Found 4 items
2023-11-19 07:38:16,150 [WARN] DbBoardsPdsc:258 - Board STM32H7B3I-DK: unknown feature type=Audio, name=, username=Audio stereo codec with Headphone Amp (CS42L51-CNZ), n=1
2023-11-19 07:38:16,150 [WARN] DbBoardsPdsc:258 - Board STM32H735G-DK: unknown feature type=Audio, name=, username=Audio stereo codec with Headphone Amp (WM8994ECS/R), n=1
2023-11-19 07:38:16,150 [WARN] DbBoardsPdsc:258 - Board STM32H7B3I-EVAL: unknown feature type=Audio, name=, username=Multi-Channel Audio Codec (CS42L51-CNZ), n=1
2023-11-19 07:38:16,156 [WARN] DbBoardsPdsc:258 - Board STM32H7B3I-EVAL: unknown feature type=Meter, name=, username=Power-metering and Temperature-monitoring with sigma-delta modulators, n=1
2023-11-19 07:38:16,156 [WARN] DbBoardsPdsc:258 - Board STM32H7B3I-EVAL: unknown feature type=Motor, name=, username=Motor Control, n=1
2023-11-19 07:38:16,193 [INFO] DbBoardsJson:85 - JSON generation date=Tue Nov 16 18:17:54 EET 2021 (1637079474)
2023-11-19 07:38:16,206 [INFO] DbBoards:117 - Found 166 boards (149 are supported by CubeMX)
2023-11-19 07:38:16,208 [INFO] DbBoardsDocs:145 - JSON generation date=Tue Nov 16 18:17:54 EET 2021 (1637079474)
2023-11-19 07:38:16,212 [INFO] DbBoardsDocs:81 - Found 209 boards documents
2023-11-19 07:38:16,215 [WARN] DbBoards:127 - board B-L475E-IOT01A2 has no document id list !
2023-11-19 07:38:16,215 [WARN] DbBoards:127 - board NUCLEO-H743ZI has no document id list !
2023-11-19 07:38:16,215 [WARN] DbBoards:127 - board P-NUCLEO-WB55-Nucleo has no document id list !
2023-11-19 07:38:16,219 [WARN] DbBoards:127 - board P-NUCLEO-WB55-USBDongle has no document id list !
2023-11-19 07:38:16,219 [WARN] DbBoards:127 - board STEVAL-BFA001V1B has no document id list !
2023-11-19 07:38:16,219 [WARN] DbBoards:127 - board STEVAL-BFA001V2B has no document id list !
2023-11-19 07:38:16,219 [WARN] DbBoards:127 - board STEVAL-IDP005V1 has no document id list !
2023-11-19 07:38:16,219 [WARN] DbBoards:127 - board STEVAL-IDP005V2 has no document id list !
2023-11-19 07:38:16,219 [WARN] DbBoards:127 - board STEVAL-MKSBOX1V1 has no document id list !
2023-11-19 07:38:16,219 [WARN] DbBoards:127 - board STEVAL-STWINKT1 has no document id list !
2023-11-19 07:38:16,219 [WARN] DbBoards:127 - board STEVAL-STWINKT1B has no document id list !
2023-11-19 07:38:16,219 [WARN] DbBoards:127 - board STM32439I-EVAL2 has no document id list !
2023-11-19 07:38:16,219 [WARN] DbBoards:127 - board STM32F401C-DISCO has no document id list !
2023-11-19 07:38:16,219 [WARN] DbBoards:127 - board STM32F769I-DISC1 has no document id list !
2023-11-19 07:38:16,219 [WARN] DbBoards:127 - board STM32G474E-EVAL1 has no document id list !
2023-11-19 07:38:16,219 [WARN] DbBoards:127 - board STM32H743I-EVAL2 has no document id list !
2023-11-19 07:38:16,219 [WARN] DbBoards:127 - board STM32H747I-DISC1 has no document id list !
2023-11-19 07:38:16,222 [WARN] DbBoards:127 - board STM32H753I-EVAL2 has no document id list !
2023-11-19 07:38:16,222 [WARN] DbBoards:127 - board STM32L-DISCOVERY has no document id list !
2023-11-19 07:38:16,347 [ERROR] DbBoards:189 - Image file not found for board B-L462E-CELL1: D:\ST\STM32CubeIDE_1.4.0\STM32CubeIDE\plugins\com.st.stm32cube.common.mx_6.0.0.202007160824\\db\/plugins/mcufinder/images/boards/B-L462E-CELL1_small.jpg
2023-11-19 07:38:16,383 [ERROR] DbBoards:189 - Image file not found for board B-U585I-IOT02A: D:\ST\STM32CubeIDE_1.4.0\STM32CubeIDE\plugins\com.st.stm32cube.common.mx_6.0.0.202007160824\\db\/plugins/mcufinder/images/boards/B-U585I-IOT02A_small.jpg
2023-11-19 07:38:16,443 [ERROR] DbBoards:189 - Image file not found for board NUCLEO-F413ZH: D:\ST\STM32CubeIDE_1.4.0\STM32CubeIDE\plugins\com.st.stm32cube.common.mx_6.0.0.202007160824\\db\/plugins/mcufinder/images/boards/nucleo-f413zh_small.jpg
2023-11-19 07:38:16,546 [ERROR] DbBoards:189 - Image file not found for board NUCLEO-L552ZE-Q: D:\ST\STM32CubeIDE_1.4.0\STM32CubeIDE\plugins\com.st.stm32cube.common.mx_6.0.0.202007160824\\db\/plugins/mcufinder/images/boards/nucleo_l552ze_q_small.jpg
2023-11-19 07:38:16,546 [ERROR] DbBoards:189 - Image file not found for board NUCLEO-U575ZI-Q: D:\ST\STM32CubeIDE_1.4.0\STM32CubeIDE\plugins\com.st.stm32cube.common.mx_6.0.0.202007160824\\db\/plugins/mcufinder/images/boards/nucleo-u575zi-q_small.jpg
2023-11-19 07:38:16,546 [ERROR] DbBoards:189 - Image file not found for board NUCLEO-WB15CC: D:\ST\STM32CubeIDE_1.4.0\STM32CubeIDE\plugins\com.st.stm32cube.common.mx_6.0.0.202007160824\\db\/plugins/mcufinder/images/boards/nucleo-wb15cc_small.jpg
2023-11-19 07:38:16,546 [ERROR] DbBoards:189 - Image file not found for board NUCLEO-WB55RG: D:\ST\STM32CubeIDE_1.4.0\STM32CubeIDE\plugins\com.st.stm32cube.common.mx_6.0.0.202007160824\\db\/plugins/mcufinder/images/boards/nucleo-wb55rg_small.jpg
2023-11-19 07:38:16,546 [ERROR] DbBoards:189 - Image file not found for board NUCLEO-WL55JC: D:\ST\STM32CubeIDE_1.4.0\STM32CubeIDE\plugins\com.st.stm32cube.common.mx_6.0.0.202007160824\\db\/plugins/mcufinder/images/boards/nucleo-wl55jc-small.jpg
2023-11-19 07:38:16,663 [ERROR] DbBoards:189 - Image file not found for board STEVAL-STWINKT1B: D:\ST\STM32CubeIDE_1.4.0\STM32CubeIDE\plugins\com.st.stm32cube.common.mx_6.0.0.202007160824\\db\/plugins/mcufinder/images/boards/steval-stwinkt1b_small.jpg
2023-11-19 07:38:17,014 [ERROR] DbBoards:189 - Image file not found for board STM32G0C1E-EV: D:\ST\STM32CubeIDE_1.4.0\STM32CubeIDE\plugins\com.st.stm32cube.common.mx_6.0.0.202007160824\\db\/plugins/mcufinder/images/boards/stm32g0c1e-eval_small.jpg
2023-11-19 07:38:17,079 [ERROR] DbBoards:189 - Image file not found for board STM32H7B3I-EVAL: D:\ST\STM32CubeIDE_1.4.0\STM32CubeIDE\plugins\com.st.stm32cube.common.mx_6.0.0.202007160824\\db\/plugins/mcufinder/images/boards/stm32h7b3ieval_small.jpg
2023-11-19 07:38:17,219 [ERROR] DbBoards:189 - Image file not found for board STM32U575I-EV: D:\ST\STM32CubeIDE_1.4.0\STM32CubeIDE\plugins\com.st.stm32cube.common.mx_6.0.0.202007160824\\db\/plugins/mcufinder/images/boards/stm32u575i-ev_small.jpg
2023-11-19 07:38:17,249 [ERROR] DbBoards:189 - Image file not found for board STM32WB5MM-DK: D:\ST\STM32CubeIDE_1.4.0\STM32CubeIDE\plugins\com.st.stm32cube.common.mx_6.0.0.202007160824\\db\/plugins/mcufinder/images/boards/STM32WB5MM-DK_small.jpg
2023-11-19 07:38:17,249 [INFO] ApiDb:201 - Load user favorites file C:\Users\LEGION/.stm32cubemx/favorites.boards.txt: 0 item(s)
2023-11-19 07:38:17,249 [INFO] ApiDb:205 - User favorites Boards=[]
2023-11-19 07:38:17,249 [INFO] DbBoards:206 - Set 0 / 0 favorites Boards
2023-11-19 07:38:17,249 [INFO] DbBoardsDocs:81 - Found 418 boards documents
2023-11-19 07:38:17,257 [INFO] ApiDb:226 - Save user favorites file C:\Users\LEGION/.stm32cubemx/favorites.boards.txt: 0 item(s)
2023-11-19 07:38:17,257 [INFO] ApiDb:230 - User favorites Boards=[]
2023-11-19 07:38:17,259 [INFO] DbBoardsPdsc:94 - Found 23 items
2023-11-19 07:38:17,259 [INFO] DbBoardsPdsc:94 - Found 9 items
2023-11-19 07:38:17,259 [INFO] DbBoardsPdsc:94 - Found 29 items
2023-11-19 07:38:17,259 [INFO] DbBoardsPdsc:94 - Found 1 items
2023-11-19 07:38:17,259 [INFO] DbBoardsPdsc:94 - Found 44 items
2023-11-19 07:38:17,266 [INFO] DbBoardsPdsc:94 - Found 40 items
2023-11-19 07:38:17,268 [INFO] DbBoardsPdsc:94 - Found 2 items
2023-11-19 07:38:17,268 [INFO] DbBoardsPdsc:94 - Found 4 items
2023-11-19 07:38:17,268 [WARN] DbBoardsPdsc:258 - Board STM32H7B3I-DK: unknown feature type=Audio, name=, username=Audio stereo codec with Headphone Amp (CS42L51-CNZ), n=1
2023-11-19 07:38:17,268 [WARN] DbBoardsPdsc:258 - Board STM32H735G-DK: unknown feature type=Audio, name=, username=Audio stereo codec with Headphone Amp (WM8994ECS/R), n=1
2023-11-19 07:38:17,268 [WARN] DbBoardsPdsc:258 - Board STM32H7B3I-EVAL: unknown feature type=Audio, name=, username=Multi-Channel Audio Codec (CS42L51-CNZ), n=1
2023-11-19 07:38:17,268 [WARN] DbBoardsPdsc:258 - Board STM32H7B3I-EVAL: unknown feature type=Meter, name=, username=Power-metering and Temperature-monitoring with sigma-delta modulators, n=1
2023-11-19 07:38:17,268 [WARN] DbBoardsPdsc:258 - Board STM32H7B3I-EVAL: unknown feature type=Motor, name=, username=Motor Control, n=1
2023-11-19 07:38:17,280 [INFO] DbBoardsJson:85 - JSON generation date=Tue Nov 16 18:17:54 EET 2021 (1637079474)
2023-11-19 07:38:17,286 [INFO] DbBoards:117 - Found 166 boards (149 are supported by CubeMX)
2023-11-19 07:38:17,286 [WARN] DbBoards:127 - board B-L475E-IOT01A2 has no document id list !
2023-11-19 07:38:17,286 [WARN] DbBoards:127 - board NUCLEO-H743ZI has no document id list !
2023-11-19 07:38:17,286 [WARN] DbBoards:127 - board P-NUCLEO-WB55-Nucleo has no document id list !
2023-11-19 07:38:17,286 [WARN] DbBoards:127 - board P-NUCLEO-WB55-USBDongle has no document id list !
2023-11-19 07:38:17,286 [WARN] DbBoards:127 - board STEVAL-BFA001V1B has no document id list !
2023-11-19 07:38:17,286 [WARN] DbBoards:127 - board STEVAL-BFA001V2B has no document id list !
2023-11-19 07:38:17,286 [WARN] DbBoards:127 - board STEVAL-IDP005V1 has no document id list !
2023-11-19 07:38:17,286 [WARN] DbBoards:127 - board STEVAL-IDP005V2 has no document id list !
2023-11-19 07:38:17,286 [WARN] DbBoards:127 - board STEVAL-MKSBOX1V1 has no document id list !
2023-11-19 07:38:17,286 [WARN] DbBoards:127 - board STEVAL-STWINKT1 has no document id list !
2023-11-19 07:38:17,286 [WARN] DbBoards:127 - board STEVAL-STWINKT1B has no document id list !
2023-11-19 07:38:17,286 [WARN] DbBoards:127 - board STM32439I-EVAL2 has no document id list !
2023-11-19 07:38:17,286 [WARN] DbBoards:127 - board STM32F401C-DISCO has no document id list !
2023-11-19 07:38:17,286 [WARN] DbBoards:127 - board STM32F769I-DISC1 has no document id list !
2023-11-19 07:38:17,286 [WARN] DbBoards:127 - board STM32G474E-EVAL1 has no document id list !
2023-11-19 07:38:17,286 [WARN] DbBoards:127 - board STM32H743I-EVAL2 has no document id list !
2023-11-19 07:38:17,286 [WARN] DbBoards:127 - board STM32H747I-DISC1 has no document id list !
2023-11-19 07:38:17,286 [WARN] DbBoards:127 - board STM32H753I-EVAL2 has no document id list !
2023-11-19 07:38:17,286 [WARN] DbBoards:127 - board STM32L-DISCOVERY has no document id list !
2023-11-19 07:38:17,296 [ERROR] DbBoards:189 - Image file not found for board B-L462E-CELL1: D:\ST\STM32CubeIDE_1.4.0\STM32CubeIDE\plugins\com.st.stm32cube.common.mx_6.0.0.202007160824\\db\/plugins/mcufinder/images/boards/B-L462E-CELL1_small.jpg
2023-11-19 07:38:17,318 [ERROR] DbBoards:189 - Image file not found for board B-U585I-IOT02A: D:\ST\STM32CubeIDE_1.4.0\STM32CubeIDE\plugins\com.st.stm32cube.common.mx_6.0.0.202007160824\\db\/plugins/mcufinder/images/boards/B-U585I-IOT02A_small.jpg
2023-11-19 07:38:17,359 [ERROR] DbBoards:189 - Image file not found for board NUCLEO-F413ZH: D:\ST\STM32CubeIDE_1.4.0\STM32CubeIDE\plugins\com.st.stm32cube.common.mx_6.0.0.202007160824\\db\/plugins/mcufinder/images/boards/nucleo-f413zh_small.jpg
2023-11-19 07:38:17,458 [ERROR] DbBoards:189 - Image file not found for board NUCLEO-L552ZE-Q: D:\ST\STM32CubeIDE_1.4.0\STM32CubeIDE\plugins\com.st.stm32cube.common.mx_6.0.0.202007160824\\db\/plugins/mcufinder/images/boards/nucleo_l552ze_q_small.jpg
2023-11-19 07:38:17,458 [ERROR] DbBoards:189 - Image file not found for board NUCLEO-U575ZI-Q: D:\ST\STM32CubeIDE_1.4.0\STM32CubeIDE\plugins\com.st.stm32cube.common.mx_6.0.0.202007160824\\db\/plugins/mcufinder/images/boards/nucleo-u575zi-q_small.jpg
2023-11-19 07:38:17,458 [ERROR] DbBoards:189 - Image file not found for board NUCLEO-WB15CC: D:\ST\STM32CubeIDE_1.4.0\STM32CubeIDE\plugins\com.st.stm32cube.common.mx_6.0.0.202007160824\\db\/plugins/mcufinder/images/boards/nucleo-wb15cc_small.jpg
2023-11-19 07:38:17,458 [ERROR] DbBoards:189 - Image file not found for board NUCLEO-WB55RG: D:\ST\STM32CubeIDE_1.4.0\STM32CubeIDE\plugins\com.st.stm32cube.common.mx_6.0.0.202007160824\\db\/plugins/mcufinder/images/boards/nucleo-wb55rg_small.jpg
2023-11-19 07:38:17,458 [ERROR] DbBoards:189 - Image file not found for board NUCLEO-WL55JC: D:\ST\STM32CubeIDE_1.4.0\STM32CubeIDE\plugins\com.st.stm32cube.common.mx_6.0.0.202007160824\\db\/plugins/mcufinder/images/boards/nucleo-wl55jc-small.jpg
2023-11-19 07:38:17,530 [ERROR] DbBoards:189 - Image file not found for board STEVAL-STWINKT1B: D:\ST\STM32CubeIDE_1.4.0\STM32CubeIDE\plugins\com.st.stm32cube.common.mx_6.0.0.202007160824\\db\/plugins/mcufinder/images/boards/steval-stwinkt1b_small.jpg
2023-11-19 07:38:17,649 [ERROR] DbBoards:189 - Image file not found for board STM32G0C1E-EV: D:\ST\STM32CubeIDE_1.4.0\STM32CubeIDE\plugins\com.st.stm32cube.common.mx_6.0.0.202007160824\\db\/plugins/mcufinder/images/boards/stm32g0c1e-eval_small.jpg
2023-11-19 07:38:17,678 [ERROR] DbBoards:189 - Image file not found for board STM32H7B3I-EVAL: D:\ST\STM32CubeIDE_1.4.0\STM32CubeIDE\plugins\com.st.stm32cube.common.mx_6.0.0.202007160824\\db\/plugins/mcufinder/images/boards/stm32h7b3ieval_small.jpg
2023-11-19 07:38:17,756 [ERROR] DbBoards:189 - Image file not found for board STM32U575I-EV: D:\ST\STM32CubeIDE_1.4.0\STM32CubeIDE\plugins\com.st.stm32cube.common.mx_6.0.0.202007160824\\db\/plugins/mcufinder/images/boards/stm32u575i-ev_small.jpg
2023-11-19 07:38:17,772 [ERROR] DbBoards:189 - Image file not found for board STM32WB5MM-DK: D:\ST\STM32CubeIDE_1.4.0\STM32CubeIDE\plugins\com.st.stm32cube.common.mx_6.0.0.202007160824\\db\/plugins/mcufinder/images/boards/STM32WB5MM-DK_small.jpg
2023-11-19 07:38:17,772 [INFO] ApiDb:201 - Load user favorites file C:\Users\LEGION/.stm32cubemx/favorites.boards.txt: 0 item(s)
2023-11-19 07:38:17,772 [INFO] ApiDb:205 - User favorites Boards=[]
2023-11-19 07:38:17,772 [INFO] DbBoards:206 - Set 0 / 0 favorites Boards
2023-11-19 07:38:17,987 [INFO] DbExamplesSqlite:156 - SQLite db open (C:\Users\LEGION\.stmcufinder\plugins\mcufinder\mcu\cube-finder-db.db)
2023-11-19 07:38:18,498 [INFO] DbExamplesSqlite:447 - Ignored 0 examples not supported by CubeIDE
2023-11-19 07:38:18,498 [INFO] DbExamplesSqlite:448 - Found 7221 examples active
2023-11-19 07:38:18,498 [INFO] DbExamplesSqlite:449 - Found 777 examples obsolete
2023-11-19 07:38:18,498 [INFO] DbExamplesSqlite:450 - Found 0 examples under development
2023-11-19 07:38:18,498 [INFO] DbExamplesSqlite:451 - Found 74 examples not building
2023-11-19 07:38:18,545 [INFO] DbExamplesSqlite:130 - SQLite Data Model version=2.1
2023-11-19 07:38:18,545 [INFO] DbExamplesSqlite:131 - SQLite Configuration version=3.0.37
2023-11-19 07:38:18,545 [INFO] DbExamplesSqlite:132 - SQLite generation date=2023-10-13 (1697197505)
2023-11-19 07:38:18,545 [INFO] DbExamplesSqlite:133 - SQLite FW Pack versions=[FP-ATR-ASTRA1_V2.0.0, FP-SNS-FLIGHT1_V5.0.1, FP-SNS-FLIGHT1_V5.0.2, FP-SNS-MOTENV1_V4.3.1, FP-SNS-MOTENV1_V4.3.2, FP-SNS-SMARTAG2_V1.2.0, I-CUBE-ITTIADB_V8.6.3-1, STM32Cube_FW_C0_V1.1.0, STM32Cube_FW_F4_V1.27.1, STM32Cube_FW_F7_V1.17.0, STM32Cube_FW_G0_V1.6.1, STM32Cube_FW_G4_V1.5.1, STM32Cube_FW_H5_V0.5.1, STM32Cube_FW_H5_V1.1.1, STM32Cube_FW_H7_V1.11.0, STM32Cube_FW_L0_V1.12.2, STM32Cube_FW_L5_V1.5.0, STM32Cube_FW_U5_V1.3.0, STM32Cube_FW_U5_V1.3.0RC4, STM32Cube_FW_WBA_V1.0.0RC1, STM32Cube_FW_WBA_V1.1.0RC1, STM32Cube_FW_WBA_V1.1.1, STM32Cube_FW_WB_V1.15.0RC1, STM32Cube_FW_WB_V1.16.0, STM32Cube_FW_WB_V1.16.0RC2, STM32Cube_FW_WB_V1.17.3, STM32Cube_FW_WL_V1.3.0, X-CUBE-ALGOBUILD_V1.3.0, X-CUBE-ALS_V1.0.1, X-CUBE-AZRTOS-F4_V1.1.0, X-CUBE-AZRTOS-F7_V1.1.0, X-CUBE-AZRTOS-G0_V1.1.0, X-CUBE-AZRTOS-G4_V2.0.0, X-CUBE-AZRTOS-H7_V3.1.0, X-CUBE-AZRTOS-L4_V1.0.0, X-CUBE-AZRTOS-L4_V2.0.0, X-CUBE-AZRTOS-L5_V1.1.0, X-CUBE-AZRTOS-WB_V2.0.0, X-CUBE-AZRTOS-WL_V2.0.0, X-CUBE-BLE1_V7.0.0, X-CUBE-BLE2_V3.3.0, X-CUBE-BLEMGR_V2.0.0, X-CUBE-EEPRMA1_V4.1.0, X-CUBE-FREERTOS_V1.1.0, X-CUBE-GNSS1_V6.0.0, X-CUBE-MEMS1_V10.0.0, X-CUBE-MEMS1_V9.1.0, X-CUBE-MEMS1_V9.4.0, X-CUBE-MEMS1_V9.6.0, X-CUBE-NFC4_V3.0.0, X-CUBE-NFC7_V1.0.1, X-CUBE-SFXS2LP1_V4.0.0, X-CUBE-SUBG2_V5.0.0, X-CUBE-TOF1_V3.3.1]
2023-11-19 07:38:18,545 [INFO] DbExamples:123 - Found 7295 examples
2023-11-19 07:38:18,830 [ERROR] DbExamples:199 - Found 7295 examples with invalid data (board or MCU)
2023-11-19 07:38:18,830 [INFO] DbExamples:215 - Found 77 boards with related examples
2023-11-19 07:38:18,830 [INFO] DbExamples:228 - Found 0 MCUs with related examples
2023-11-19 07:38:18,857 [INFO] ApiDb:192 - User favorites file not found: C:\Users\LEGION/.stm32cubemx/favorites.examples.txt
2023-11-19 07:38:18,857 [INFO] DbExamples:249 - Set 0 / 0 favorites Examples
2023-11-19 07:38:18,960 [INFO] McuFinderGlobals:40 - Set McuFinder mode to 2 (CubeIDE integrated)
2023-11-19 07:38:19,090 [INFO] CrossSelectorPresenter:1330 - Cross Selector saved comparison directory: C:\Users\LEGION\.stmcufinder\plugins\mcufinder\mcu\cs_comparisons_mx
2023-11-19 07:38:19,097 [INFO] MultiScanPanel:193 - Auto-refresh data requested => check proxy status ongoing
2023-11-19 07:38:19,100 [INFO] FinderPluginLoader:87 - Searching for filters in installed packs
2023-11-19 07:38:19,469 [INFO] LoadUrlFilesThread:162 - End of LoadServerUrlFiles without Thread
2023-11-19 07:38:19,469 [INFO] DetailPanel:331 - Set advertising image to C:/Users/LEGION/STM32Cube/Repository/\stm32cubemx-promo_image.jpg
2023-11-19 07:38:19,717 [INFO] McuFilterPanel:245 - Update 0 favorites MCUs
2023-11-19 07:38:43,945 [INFO] LogOutputStream:76 - [STDOUT_REDIRECT] withoutVersionV1.8.4
2023-11-19 07:38:43,945 [INFO] LogOutputStream:76 - [STDOUT_REDIRECT] withoutVersionV1.8.3
2023-11-19 07:38:43,945 [INFO] LogOutputStream:76 - [STDOUT_REDIRECT] withoutVersionV1.8.2
2023-11-19 07:38:43,945 [INFO] LogOutputStream:76 - [STDOUT_REDIRECT] withoutVersionV1.8.1
2023-11-19 07:38:43,945 [INFO] LogOutputStream:76 - [STDOUT_REDIRECT] withoutVersionV1.8.0
2023-11-19 07:38:47,317 [INFO] ApiDb:226 - Save user favorites file C:\Users\LEGION/.stm32cubeide/favorites.mcus.txt: 0 item(s)
2023-11-19 07:38:47,317 [INFO] ApiDb:230 - User favorites MCUs=[]
2023-11-21 01:40:50,921 [INFO] Activator:178 - 


2023-11-21 01:40:50,921 [INFO] Activator:179 - !SESSION log4j initialized
2023-11-21 07:09:54,828 [INFO] Activator:178 - 


2023-11-21 07:09:54,828 [INFO] Activator:179 - !SESSION log4j initialized
2023-11-22 16:09:30,905 [INFO] Activator:178 - 


2023-11-22 16:09:30,920 [INFO] Activator:179 - !SESSION log4j initialized
2023-11-25 14:33:53,003 [INFO] Activator:178 - 


2023-11-25 14:33:53,003 [INFO] Activator:179 - !SESSION log4j initialized
2023-11-29 17:43:26,412 [INFO] Activator:178 - 


2023-11-29 17:43:26,412 [INFO] Activator:179 - !SESSION log4j initialized
2023-12-06 06:49:03,490 [INFO] Activator:178 - 


2023-12-06 06:49:03,490 [INFO] Activator:179 - !SESSION log4j initialized
2023-12-06 06:49:14,264 [INFO] RetryExec:97 - I/O exception (java.net.SocketException) caught when processing request to {}->http://sw-center.st.com:80: Socket Closed
2023-12-06 06:49:14,269 [INFO] RetryExec:113 - Retrying request to {}->http://sw-center.st.com:80
